[     370ms] [INFO] %cDownload the React DevTools for a better development experience: https://reactjs.org/link/react-devtools font-weight:bold @ webpack-internal:///./node_modules/react-dom/cjs/react-dom.development.js:29890
[     448ms] [LOG] [HMR] connected @ webpack-internal:///./node_modules/@gatsbyjs/webpack-hot-middleware/client.js:92
[    1181ms] [LOG] [HMR] bundle 'develop' rebuilt in 401ms @ webpack-internal:///./node_modules/@gatsbyjs/webpack-hot-middleware/client.js:247
[    1184ms] [LOG] %c
/home/eduapaul/repos/eduardpaul.github.io/src/components/ui/AnimatedSection.js
  1:17  warning  'useMemo' is defined but never used  no-unused-vars

✖ 1 problem (0 errors, 1 warning)
 color: #999933; @ webpack-internal:///./node_modules/@gatsbyjs/webpack-hot-middleware/client.js:193
[    1184ms] [LOG] [HMR] Checking for updates on the server... @ webpack-internal:///./node_modules/@gatsbyjs/webpack-hot-middleware/process-update.js:49
[    1201ms] [LOG] [HMR] bundle rebuilding @ webpack-internal:///./node_modules/@gatsbyjs/webpack-hot-middleware/client.js:238
[    1853ms] [LOG] [HMR] bundle 'develop' rebuilt in 290ms @ webpack-internal:///./node_modules/@gatsbyjs/webpack-hot-middleware/client.js:247
[    1876ms] [LOG] [HMR] bundle rebuilding @ webpack-internal:///./node_modules/@gatsbyjs/webpack-hot-middleware/client.js:238
[    1896ms] [LOG] [HMR] Updated modules: @ webpack-internal:///./node_modules/@gatsbyjs/webpack-hot-middleware/process-update.js:123
[    1897ms] [LOG] [HMR]  - ./.cache/blank.css @ webpack-internal:///./node_modules/@gatsbyjs/webpack-hot-middleware/process-update.js:125
[    1897ms] [LOG] [HMR]  - ./src/styles/global.css @ webpack-internal:///./node_modules/@gatsbyjs/webpack-hot-middleware/process-update.js:125
[    1947ms] [LOG] [HMR] css reload %s http://localhost:8000/commons.css @ webpack-internal:///./node_modules/mini-css-extract-plugin/dist/hmr/hotModuleReplacement.js:212
[    1948ms] [LOG] [HMR] css reload %s http://localhost:8000/commons.css @ webpack-internal:///./node_modules/mini-css-extract-plugin/dist/hmr/hotModuleReplacement.js:212
[    2481ms] [LOG] [HMR] bundle 'develop' rebuilt in 254ms @ webpack-internal:///./node_modules/@gatsbyjs/webpack-hot-middleware/client.js:247
[    2504ms] [LOG] [HMR] bundle rebuilding @ webpack-internal:///./node_modules/@gatsbyjs/webpack-hot-middleware/client.js:238
[    3105ms] [LOG] [HMR] bundle 'develop' rebuilt in 243ms @ webpack-internal:///./node_modules/@gatsbyjs/webpack-hot-middleware/client.js:247
[    3117ms] [LOG] [HMR] bundle rebuilding @ webpack-internal:///./node_modules/@gatsbyjs/webpack-hot-middleware/client.js:238
[    3127ms] [LOG] [HMR] Updated modules: @ webpack-internal:///./node_modules/@gatsbyjs/webpack-hot-middleware/process-update.js:123
[    3128ms] [LOG] [HMR]  - ./.cache/blank.css @ webpack-internal:///./node_modules/@gatsbyjs/webpack-hot-middleware/process-update.js:125
[    3128ms] [LOG] [HMR]  - ./src/styles/global.css @ webpack-internal:///./node_modules/@gatsbyjs/webpack-hot-middleware/process-update.js:125
[    3178ms] [LOG] [HMR] css reload %s http://localhost:8000/commons.css @ webpack-internal:///./node_modules/mini-css-extract-plugin/dist/hmr/hotModuleReplacement.js:212
[    3178ms] [LOG] [HMR] css reload %s http://localhost:8000/commons.css @ webpack-internal:///./node_modules/mini-css-extract-plugin/dist/hmr/hotModuleReplacement.js:212
[    3842ms] [LOG] [HMR] bundle 'develop' rebuilt in 313ms @ webpack-internal:///./node_modules/@gatsbyjs/webpack-hot-middleware/client.js:247
[    3898ms] [LOG] [HMR] bundle rebuilding @ webpack-internal:///./node_modules/@gatsbyjs/webpack-hot-middleware/client.js:238
[    3925ms] [LOG] [HMR] Updated modules: @ webpack-internal:///./node_modules/@gatsbyjs/webpack-hot-middleware/process-update.js:123
[    3925ms] [LOG] [HMR]  - ./.cache/blank.css @ webpack-internal:///./node_modules/@gatsbyjs/webpack-hot-middleware/process-update.js:125
[    3925ms] [LOG] [HMR]  - ./src/styles/global.css @ webpack-internal:///./node_modules/@gatsbyjs/webpack-hot-middleware/process-update.js:125
[    3975ms] [LOG] [HMR] css reload %s http://localhost:8000/commons.css @ webpack-internal:///./node_modules/mini-css-extract-plugin/dist/hmr/hotModuleReplacement.js:212
[    3976ms] [LOG] [HMR] css reload %s http://localhost:8000/commons.css @ webpack-internal:///./node_modules/mini-css-extract-plugin/dist/hmr/hotModuleReplacement.js:212
[    4578ms] [LOG] [HMR] bundle 'develop' rebuilt in 291ms @ webpack-internal:///./node_modules/@gatsbyjs/webpack-hot-middleware/client.js:247
[    4596ms] [LOG] [HMR] bundle rebuilding @ webpack-internal:///./node_modules/@gatsbyjs/webpack-hot-middleware/client.js:238
[    4618ms] [LOG] [HMR] Updated modules: @ webpack-internal:///./node_modules/@gatsbyjs/webpack-hot-middleware/process-update.js:123
[    4619ms] [LOG] [HMR]  - ./.cache/blank.css @ webpack-internal:///./node_modules/@gatsbyjs/webpack-hot-middleware/process-update.js:125
[    4619ms] [LOG] [HMR]  - ./src/styles/global.css @ webpack-internal:///./node_modules/@gatsbyjs/webpack-hot-middleware/process-update.js:125
[    4668ms] [LOG] [HMR] css reload %s http://localhost:8000/commons.css @ webpack-internal:///./node_modules/mini-css-extract-plugin/dist/hmr/hotModuleReplacement.js:212
[    4669ms] [LOG] [HMR] css reload %s http://localhost:8000/commons.css @ webpack-internal:///./node_modules/mini-css-extract-plugin/dist/hmr/hotModuleReplacement.js:212
[    5218ms] [LOG] [HMR] bundle 'develop' rebuilt in 251ms @ webpack-internal:///./node_modules/@gatsbyjs/webpack-hot-middleware/client.js:247
[    5237ms] [LOG] [HMR] bundle rebuilding @ webpack-internal:///./node_modules/@gatsbyjs/webpack-hot-middleware/client.js:238
[    5254ms] [LOG] [HMR] Updated modules: @ webpack-internal:///./node_modules/@gatsbyjs/webpack-hot-middleware/process-update.js:123
[    5254ms] [LOG] [HMR]  - ./.cache/blank.css @ webpack-internal:///./node_modules/@gatsbyjs/webpack-hot-middleware/process-update.js:125
[    5254ms] [LOG] [HMR]  - ./src/styles/global.css @ webpack-internal:///./node_modules/@gatsbyjs/webpack-hot-middleware/process-update.js:125
[    5304ms] [LOG] [HMR] css reload %s http://localhost:8000/commons.css @ webpack-internal:///./node_modules/mini-css-extract-plugin/dist/hmr/hotModuleReplacement.js:212
[    5305ms] [LOG] [HMR] css reload %s http://localhost:8000/commons.css @ webpack-internal:///./node_modules/mini-css-extract-plugin/dist/hmr/hotModuleReplacement.js:212
[    5823ms] [LOG] [HMR] bundle 'develop' rebuilt in 220ms @ webpack-internal:///./node_modules/@gatsbyjs/webpack-hot-middleware/client.js:247
[    5845ms] [LOG] [HMR] bundle rebuilding @ webpack-internal:///./node_modules/@gatsbyjs/webpack-hot-middleware/client.js:238
[    5858ms] [LOG] [HMR] Updated modules: @ webpack-internal:///./node_modules/@gatsbyjs/webpack-hot-middleware/process-update.js:123
[    5858ms] [LOG] [HMR]  - ./.cache/blank.css @ webpack-internal:///./node_modules/@gatsbyjs/webpack-hot-middleware/process-update.js:125
[    5859ms] [LOG] [HMR]  - ./src/styles/global.css @ webpack-internal:///./node_modules/@gatsbyjs/webpack-hot-middleware/process-update.js:125
[    5909ms] [LOG] [HMR] css reload %s http://localhost:8000/commons.css @ webpack-internal:///./node_modules/mini-css-extract-plugin/dist/hmr/hotModuleReplacement.js:212
[    5909ms] [LOG] [HMR] css reload %s http://localhost:8000/commons.css @ webpack-internal:///./node_modules/mini-css-extract-plugin/dist/hmr/hotModuleReplacement.js:212
[    6419ms] [LOG] [HMR] bundle 'develop' rebuilt in 210ms @ webpack-internal:///./node_modules/@gatsbyjs/webpack-hot-middleware/client.js:247
[    6441ms] [LOG] [HMR] bundle rebuilding @ webpack-internal:///./node_modules/@gatsbyjs/webpack-hot-middleware/client.js:238
[    6459ms] [LOG] [HMR] Updated modules: @ webpack-internal:///./node_modules/@gatsbyjs/webpack-hot-middleware/process-update.js:123
[    6459ms] [LOG] [HMR]  - ./.cache/blank.css @ webpack-internal:///./node_modules/@gatsbyjs/webpack-hot-middleware/process-update.js:125
[    6459ms] [LOG] [HMR]  - ./src/styles/global.css @ webpack-internal:///./node_modules/@gatsbyjs/webpack-hot-middleware/process-update.js:125
[    6509ms] [LOG] [HMR] css reload %s http://localhost:8000/commons.css @ webpack-internal:///./node_modules/mini-css-extract-plugin/dist/hmr/hotModuleReplacement.js:212
[    6509ms] [LOG] [HMR] css reload %s http://localhost:8000/commons.css @ webpack-internal:///./node_modules/mini-css-extract-plugin/dist/hmr/hotModuleReplacement.js:212
[    7100ms] [LOG] [HMR] bundle 'develop' rebuilt in 308ms @ webpack-internal:///./node_modules/@gatsbyjs/webpack-hot-middleware/client.js:247
[    7145ms] [LOG] [HMR] bundle rebuilding @ webpack-internal:///./node_modules/@gatsbyjs/webpack-hot-middleware/client.js:238
[    7171ms] [LOG] [HMR] Updated modules: @ webpack-internal:///./node_modules/@gatsbyjs/webpack-hot-middleware/process-update.js:123
[    7171ms] [LOG] [HMR]  - ./.cache/blank.css @ webpack-internal:///./node_modules/@gatsbyjs/webpack-hot-middleware/process-update.js:125
[    7171ms] [LOG] [HMR]  - ./src/styles/global.css @ webpack-internal:///./node_modules/@gatsbyjs/webpack-hot-middleware/process-update.js:125
[    7221ms] [LOG] [HMR] css reload %s http://localhost:8000/commons.css @ webpack-internal:///./node_modules/mini-css-extract-plugin/dist/hmr/hotModuleReplacement.js:212
[    7222ms] [LOG] [HMR] css reload %s http://localhost:8000/commons.css @ webpack-internal:///./node_modules/mini-css-extract-plugin/dist/hmr/hotModuleReplacement.js:212
[    7767ms] [LOG] [HMR] bundle 'develop' rebuilt in 235ms @ webpack-internal:///./node_modules/@gatsbyjs/webpack-hot-middleware/client.js:247
[    7789ms] [LOG] [HMR] bundle rebuilding @ webpack-internal:///./node_modules/@gatsbyjs/webpack-hot-middleware/client.js:238
[    7804ms] [LOG] [HMR] Updated modules: @ webpack-internal:///./node_modules/@gatsbyjs/webpack-hot-middleware/process-update.js:123
[    7804ms] [LOG] [HMR]  - ./.cache/blank.css @ webpack-internal:///./node_modules/@gatsbyjs/webpack-hot-middleware/process-update.js:125
[    7804ms] [LOG] [HMR]  - ./src/styles/global.css @ webpack-internal:///./node_modules/@gatsbyjs/webpack-hot-middleware/process-update.js:125
[    7854ms] [LOG] [HMR] css reload %s http://localhost:8000/commons.css @ webpack-internal:///./node_modules/mini-css-extract-plugin/dist/hmr/hotModuleReplacement.js:212
[    7854ms] [LOG] [HMR] css reload %s http://localhost:8000/commons.css @ webpack-internal:///./node_modules/mini-css-extract-plugin/dist/hmr/hotModuleReplacement.js:212
[    8386ms] [LOG] [HMR] bundle 'develop' rebuilt in 244ms @ webpack-internal:///./node_modules/@gatsbyjs/webpack-hot-middleware/client.js:247
[    8412ms] [LOG] [HMR] bundle rebuilding @ webpack-internal:///./node_modules/@gatsbyjs/webpack-hot-middleware/client.js:238
[    8415ms] [LOG] [HMR] Updated modules: @ webpack-internal:///./node_modules/@gatsbyjs/webpack-hot-middleware/process-update.js:123
[    8415ms] [LOG] [HMR]  - ./.cache/blank.css @ webpack-internal:///./node_modules/@gatsbyjs/webpack-hot-middleware/process-update.js:125
[    8415ms] [LOG] [HMR]  - ./src/styles/global.css @ webpack-internal:///./node_modules/@gatsbyjs/webpack-hot-middleware/process-update.js:125
[    8466ms] [LOG] [HMR] css reload %s http://localhost:8000/commons.css @ webpack-internal:///./node_modules/mini-css-extract-plugin/dist/hmr/hotModuleReplacement.js:212
[    8466ms] [LOG] [HMR] css reload %s http://localhost:8000/commons.css @ webpack-internal:///./node_modules/mini-css-extract-plugin/dist/hmr/hotModuleReplacement.js:212
[    8985ms] [LOG] [HMR] bundle 'develop' rebuilt in 221ms @ webpack-internal:///./node_modules/@gatsbyjs/webpack-hot-middleware/client.js:247
[    9003ms] [LOG] [HMR] bundle rebuilding @ webpack-internal:///./node_modules/@gatsbyjs/webpack-hot-middleware/client.js:238
[    9016ms] [LOG] [HMR] Updated modules: @ webpack-internal:///./node_modules/@gatsbyjs/webpack-hot-middleware/process-update.js:123
[    9016ms] [LOG] [HMR]  - ./.cache/blank.css @ webpack-internal:///./node_modules/@gatsbyjs/webpack-hot-middleware/process-update.js:125
[    9016ms] [LOG] [HMR]  - ./src/styles/global.css @ webpack-internal:///./node_modules/@gatsbyjs/webpack-hot-middleware/process-update.js:125
[    9067ms] [LOG] [HMR] css reload %s http://localhost:8000/commons.css @ webpack-internal:///./node_modules/mini-css-extract-plugin/dist/hmr/hotModuleReplacement.js:212
[    9067ms] [LOG] [HMR] css reload %s http://localhost:8000/commons.css @ webpack-internal:///./node_modules/mini-css-extract-plugin/dist/hmr/hotModuleReplacement.js:212
[    9579ms] [LOG] [HMR] bundle 'develop' rebuilt in 228ms @ webpack-internal:///./node_modules/@gatsbyjs/webpack-hot-middleware/client.js:247
[    9592ms] [LOG] [HMR] bundle rebuilding @ webpack-internal:///./node_modules/@gatsbyjs/webpack-hot-middleware/client.js:238
[    9602ms] [LOG] [HMR] Updated modules: @ webpack-internal:///./node_modules/@gatsbyjs/webpack-hot-middleware/process-update.js:123
[    9602ms] [LOG] [HMR]  - ./.cache/blank.css @ webpack-internal:///./node_modules/@gatsbyjs/webpack-hot-middleware/process-update.js:125
[    9602ms] [LOG] [HMR]  - ./src/styles/global.css @ webpack-internal:///./node_modules/@gatsbyjs/webpack-hot-middleware/process-update.js:125
[    9652ms] [LOG] [HMR] css reload %s http://localhost:8000/commons.css @ webpack-internal:///./node_modules/mini-css-extract-plugin/dist/hmr/hotModuleReplacement.js:212
[    9652ms] [LOG] [HMR] css reload %s http://localhost:8000/commons.css @ webpack-internal:///./node_modules/mini-css-extract-plugin/dist/hmr/hotModuleReplacement.js:212
[   10288ms] [LOG] [HMR] bundle 'develop' rebuilt in 313ms @ webpack-internal:///./node_modules/@gatsbyjs/webpack-hot-middleware/client.js:247
[   10308ms] [LOG] [HMR] bundle rebuilding @ webpack-internal:///./node_modules/@gatsbyjs/webpack-hot-middleware/client.js:238
[   10324ms] [LOG] [HMR] Updated modules: @ webpack-internal:///./node_modules/@gatsbyjs/webpack-hot-middleware/process-update.js:123
[   10324ms] [LOG] [HMR]  - ./.cache/blank.css @ webpack-internal:///./node_modules/@gatsbyjs/webpack-hot-middleware/process-update.js:125
[   10324ms] [LOG] [HMR]  - ./src/styles/global.css @ webpack-internal:///./node_modules/@gatsbyjs/webpack-hot-middleware/process-update.js:125
[   10374ms] [LOG] [HMR] css reload %s http://localhost:8000/commons.css @ webpack-internal:///./node_modules/mini-css-extract-plugin/dist/hmr/hotModuleReplacement.js:212
[   10374ms] [LOG] [HMR] css reload %s http://localhost:8000/commons.css @ webpack-internal:///./node_modules/mini-css-extract-plugin/dist/hmr/hotModuleReplacement.js:212
[   10984ms] [LOG] [HMR] bundle 'develop' rebuilt in 306ms @ webpack-internal:///./node_modules/@gatsbyjs/webpack-hot-middleware/client.js:247
[   11000ms] [LOG] [HMR] bundle rebuilding @ webpack-internal:///./node_modules/@gatsbyjs/webpack-hot-middleware/client.js:238
[   11645ms] [LOG] [HMR] bundle 'develop' rebuilt in 273ms @ webpack-internal:///./node_modules/@gatsbyjs/webpack-hot-middleware/client.js:247
[   11671ms] [LOG] [HMR] bundle rebuilding @ webpack-internal:///./node_modules/@gatsbyjs/webpack-hot-middleware/client.js:238
[   11678ms] [LOG] [HMR] Updated modules: @ webpack-internal:///./node_modules/@gatsbyjs/webpack-hot-middleware/process-update.js:123
[   11678ms] [LOG] [HMR]  - ./.cache/blank.css @ webpack-internal:///./node_modules/@gatsbyjs/webpack-hot-middleware/process-update.js:125
[   11679ms] [LOG] [HMR]  - ./src/styles/global.css @ webpack-internal:///./node_modules/@gatsbyjs/webpack-hot-middleware/process-update.js:125
[   11729ms] [LOG] [HMR] css reload %s http://localhost:8000/commons.css @ webpack-internal:///./node_modules/mini-css-extract-plugin/dist/hmr/hotModuleReplacement.js:212
[   11729ms] [LOG] [HMR] css reload %s http://localhost:8000/commons.css @ webpack-internal:///./node_modules/mini-css-extract-plugin/dist/hmr/hotModuleReplacement.js:212
[   12341ms] [LOG] [HMR] bundle 'develop' rebuilt in 292ms @ webpack-internal:///./node_modules/@gatsbyjs/webpack-hot-middleware/client.js:247
[   12356ms] [LOG] [HMR] bundle rebuilding @ webpack-internal:///./node_modules/@gatsbyjs/webpack-hot-middleware/client.js:238
[   12361ms] [LOG] [HMR] Updated modules: @ webpack-internal:///./node_modules/@gatsbyjs/webpack-hot-middleware/process-update.js:123
[   12362ms] [LOG] [HMR]  - ./.cache/blank.css @ webpack-internal:///./node_modules/@gatsbyjs/webpack-hot-middleware/process-update.js:125
[   12362ms] [LOG] [HMR]  - ./src/styles/global.css @ webpack-internal:///./node_modules/@gatsbyjs/webpack-hot-middleware/process-update.js:125
[   12412ms] [LOG] [HMR] css reload %s http://localhost:8000/commons.css @ webpack-internal:///./node_modules/mini-css-extract-plugin/dist/hmr/hotModuleReplacement.js:212
[   12412ms] [LOG] [HMR] css reload %s http://localhost:8000/commons.css @ webpack-internal:///./node_modules/mini-css-extract-plugin/dist/hmr/hotModuleReplacement.js:212
[   13015ms] [LOG] [HMR] bundle 'develop' rebuilt in 285ms @ webpack-internal:///./node_modules/@gatsbyjs/webpack-hot-middleware/client.js:247
[   13051ms] [LOG] [HMR] bundle rebuilding @ webpack-internal:///./node_modules/@gatsbyjs/webpack-hot-middleware/client.js:238
[   13073ms] [LOG] [HMR] Updated modules: @ webpack-internal:///./node_modules/@gatsbyjs/webpack-hot-middleware/process-update.js:123
[   13073ms] [LOG] [HMR]  - ./.cache/blank.css @ webpack-internal:///./node_modules/@gatsbyjs/webpack-hot-middleware/process-update.js:125
[   13073ms] [LOG] [HMR]  - ./src/styles/global.css @ webpack-internal:///./node_modules/@gatsbyjs/webpack-hot-middleware/process-update.js:125
[   13123ms] [LOG] [HMR] css reload %s http://localhost:8000/commons.css @ webpack-internal:///./node_modules/mini-css-extract-plugin/dist/hmr/hotModuleReplacement.js:212
[   13123ms] [LOG] [HMR] css reload %s http://localhost:8000/commons.css @ webpack-internal:///./node_modules/mini-css-extract-plugin/dist/hmr/hotModuleReplacement.js:212
[   13703ms] [LOG] [HMR] bundle 'develop' rebuilt in 270ms @ webpack-internal:///./node_modules/@gatsbyjs/webpack-hot-middleware/client.js:247
[   13716ms] [LOG] [HMR] bundle rebuilding @ webpack-internal:///./node_modules/@gatsbyjs/webpack-hot-middleware/client.js:238
[   13732ms] [LOG] [HMR] Updated modules: @ webpack-internal:///./node_modules/@gatsbyjs/webpack-hot-middleware/process-update.js:123
[   13732ms] [LOG] [HMR]  - ./.cache/blank.css @ webpack-internal:///./node_modules/@gatsbyjs/webpack-hot-middleware/process-update.js:125
[   13732ms] [LOG] [HMR]  - ./src/styles/global.css @ webpack-internal:///./node_modules/@gatsbyjs/webpack-hot-middleware/process-update.js:125
[   13782ms] [LOG] [HMR] css reload %s http://localhost:8000/commons.css @ webpack-internal:///./node_modules/mini-css-extract-plugin/dist/hmr/hotModuleReplacement.js:212
[   13783ms] [LOG] [HMR] css reload %s http://localhost:8000/commons.css @ webpack-internal:///./node_modules/mini-css-extract-plugin/dist/hmr/hotModuleReplacement.js:212
[   14461ms] [LOG] [HMR] bundle 'develop' rebuilt in 344ms @ webpack-internal:///./node_modules/@gatsbyjs/webpack-hot-middleware/client.js:247
[   14479ms] [LOG] [HMR] bundle rebuilding @ webpack-internal:///./node_modules/@gatsbyjs/webpack-hot-middleware/client.js:238
[   14491ms] [LOG] [HMR] Updated modules: @ webpack-internal:///./node_modules/@gatsbyjs/webpack-hot-middleware/process-update.js:123
[   14491ms] [LOG] [HMR]  - ./.cache/blank.css @ webpack-internal:///./node_modules/@gatsbyjs/webpack-hot-middleware/process-update.js:125
[   14492ms] [LOG] [HMR]  - ./src/styles/global.css @ webpack-internal:///./node_modules/@gatsbyjs/webpack-hot-middleware/process-update.js:125
[   14542ms] [LOG] [HMR] css reload %s http://localhost:8000/commons.css @ webpack-internal:///./node_modules/mini-css-extract-plugin/dist/hmr/hotModuleReplacement.js:212
[   14542ms] [LOG] [HMR] css reload %s http://localhost:8000/commons.css @ webpack-internal:///./node_modules/mini-css-extract-plugin/dist/hmr/hotModuleReplacement.js:212
[   15080ms] [LOG] [HMR] bundle 'develop' rebuilt in 232ms @ webpack-internal:///./node_modules/@gatsbyjs/webpack-hot-middleware/client.js:247
[   15110ms] [LOG] [HMR] bundle rebuilding @ webpack-internal:///./node_modules/@gatsbyjs/webpack-hot-middleware/client.js:238
[   15121ms] [LOG] [HMR] Updated modules: @ webpack-internal:///./node_modules/@gatsbyjs/webpack-hot-middleware/process-update.js:123
[   15121ms] [LOG] [HMR]  - ./.cache/blank.css @ webpack-internal:///./node_modules/@gatsbyjs/webpack-hot-middleware/process-update.js:125
[   15121ms] [LOG] [HMR]  - ./src/styles/global.css @ webpack-internal:///./node_modules/@gatsbyjs/webpack-hot-middleware/process-update.js:125
[   15172ms] [LOG] [HMR] css reload %s http://localhost:8000/commons.css @ webpack-internal:///./node_modules/mini-css-extract-plugin/dist/hmr/hotModuleReplacement.js:212
[   15173ms] [LOG] [HMR] css reload %s http://localhost:8000/commons.css @ webpack-internal:///./node_modules/mini-css-extract-plugin/dist/hmr/hotModuleReplacement.js:212
[   15755ms] [LOG] [HMR] bundle 'develop' rebuilt in 251ms @ webpack-internal:///./node_modules/@gatsbyjs/webpack-hot-middleware/client.js:247
[   15780ms] [LOG] [HMR] bundle rebuilding @ webpack-internal:///./node_modules/@gatsbyjs/webpack-hot-middleware/client.js:238
[   15795ms] [LOG] [HMR] Updated modules: @ webpack-internal:///./node_modules/@gatsbyjs/webpack-hot-middleware/process-update.js:123
[   15795ms] [LOG] [HMR]  - ./.cache/blank.css @ webpack-internal:///./node_modules/@gatsbyjs/webpack-hot-middleware/process-update.js:125
[   15795ms] [LOG] [HMR]  - ./src/styles/global.css @ webpack-internal:///./node_modules/@gatsbyjs/webpack-hot-middleware/process-update.js:125
[   15845ms] [LOG] [HMR] css reload %s http://localhost:8000/commons.css @ webpack-internal:///./node_modules/mini-css-extract-plugin/dist/hmr/hotModuleReplacement.js:212
[   15845ms] [LOG] [HMR] css reload %s http://localhost:8000/commons.css @ webpack-internal:///./node_modules/mini-css-extract-plugin/dist/hmr/hotModuleReplacement.js:212
[   16367ms] [LOG] [HMR] bundle 'develop' rebuilt in 218ms @ webpack-internal:///./node_modules/@gatsbyjs/webpack-hot-middleware/client.js:247
[   16383ms] [LOG] [HMR] bundle rebuilding @ webpack-internal:///./node_modules/@gatsbyjs/webpack-hot-middleware/client.js:238
[   16387ms] [LOG] [HMR] Updated modules: @ webpack-internal:///./node_modules/@gatsbyjs/webpack-hot-middleware/process-update.js:123
[   16387ms] [LOG] [HMR]  - ./.cache/blank.css @ webpack-internal:///./node_modules/@gatsbyjs/webpack-hot-middleware/process-update.js:125
[   16387ms] [LOG] [HMR]  - ./src/styles/global.css @ webpack-internal:///./node_modules/@gatsbyjs/webpack-hot-middleware/process-update.js:125
[   16437ms] [LOG] [HMR] css reload %s http://localhost:8000/commons.css @ webpack-internal:///./node_modules/mini-css-extract-plugin/dist/hmr/hotModuleReplacement.js:212
[   16437ms] [LOG] [HMR] css reload %s http://localhost:8000/commons.css @ webpack-internal:///./node_modules/mini-css-extract-plugin/dist/hmr/hotModuleReplacement.js:212
[   16990ms] [LOG] [HMR] bundle 'develop' rebuilt in 232ms @ webpack-internal:///./node_modules/@gatsbyjs/webpack-hot-middleware/client.js:247
[   17005ms] [LOG] [HMR] bundle rebuilding @ webpack-internal:///./node_modules/@gatsbyjs/webpack-hot-middleware/client.js:238
[   17021ms] [LOG] [HMR] Updated modules: @ webpack-internal:///./node_modules/@gatsbyjs/webpack-hot-middleware/process-update.js:123
[   17021ms] [LOG] [HMR]  - ./.cache/blank.css @ webpack-internal:///./node_modules/@gatsbyjs/webpack-hot-middleware/process-update.js:125
[   17021ms] [LOG] [HMR]  - ./src/styles/global.css @ webpack-internal:///./node_modules/@gatsbyjs/webpack-hot-middleware/process-update.js:125
[   17071ms] [LOG] [HMR] css reload %s http://localhost:8000/commons.css @ webpack-internal:///./node_modules/mini-css-extract-plugin/dist/hmr/hotModuleReplacement.js:212
[   17072ms] [LOG] [HMR] css reload %s http://localhost:8000/commons.css @ webpack-internal:///./node_modules/mini-css-extract-plugin/dist/hmr/hotModuleReplacement.js:212
[   17609ms] [LOG] [HMR] bundle 'develop' rebuilt in 239ms @ webpack-internal:///./node_modules/@gatsbyjs/webpack-hot-middleware/client.js:247
[   17633ms] [LOG] [HMR] bundle rebuilding @ webpack-internal:///./node_modules/@gatsbyjs/webpack-hot-middleware/client.js:238
[   17643ms] [LOG] [HMR] Updated modules: @ webpack-internal:///./node_modules/@gatsbyjs/webpack-hot-middleware/process-update.js:123
[   17644ms] [LOG] [HMR]  - ./.cache/blank.css @ webpack-internal:///./node_modules/@gatsbyjs/webpack-hot-middleware/process-update.js:125
[   17644ms] [LOG] [HMR]  - ./src/styles/global.css @ webpack-internal:///./node_modules/@gatsbyjs/webpack-hot-middleware/process-update.js:125
[   17693ms] [LOG] [HMR] css reload %s http://localhost:8000/commons.css @ webpack-internal:///./node_modules/mini-css-extract-plugin/dist/hmr/hotModuleReplacement.js:212
[   17694ms] [LOG] [HMR] css reload %s http://localhost:8000/commons.css @ webpack-internal:///./node_modules/mini-css-extract-plugin/dist/hmr/hotModuleReplacement.js:212
[   18253ms] [LOG] [HMR] bundle 'develop' rebuilt in 229ms @ webpack-internal:///./node_modules/@gatsbyjs/webpack-hot-middleware/client.js:247
[   18267ms] [LOG] [HMR] bundle rebuilding @ webpack-internal:///./node_modules/@gatsbyjs/webpack-hot-middleware/client.js:238
[   18280ms] [LOG] [HMR] Updated modules: @ webpack-internal:///./node_modules/@gatsbyjs/webpack-hot-middleware/process-update.js:123
[   18280ms] [LOG] [HMR]  - ./.cache/blank.css @ webpack-internal:///./node_modules/@gatsbyjs/webpack-hot-middleware/process-update.js:125
[   18280ms] [LOG] [HMR]  - ./src/styles/global.css @ webpack-internal:///./node_modules/@gatsbyjs/webpack-hot-middleware/process-update.js:125
[   18330ms] [LOG] [HMR] css reload %s http://localhost:8000/commons.css @ webpack-internal:///./node_modules/mini-css-extract-plugin/dist/hmr/hotModuleReplacement.js:212
[   18330ms] [LOG] [HMR] css reload %s http://localhost:8000/commons.css @ webpack-internal:///./node_modules/mini-css-extract-plugin/dist/hmr/hotModuleReplacement.js:212
[   18871ms] [LOG] [HMR] bundle 'develop' rebuilt in 229ms @ webpack-internal:///./node_modules/@gatsbyjs/webpack-hot-middleware/client.js:247
[   18894ms] [LOG] [HMR] bundle rebuilding @ webpack-internal:///./node_modules/@gatsbyjs/webpack-hot-middleware/client.js:238
[   18908ms] [LOG] [HMR] Updated modules: @ webpack-internal:///./node_modules/@gatsbyjs/webpack-hot-middleware/process-update.js:123
[   18909ms] [LOG] [HMR]  - ./.cache/blank.css @ webpack-internal:///./node_modules/@gatsbyjs/webpack-hot-middleware/process-update.js:125
[   18909ms] [LOG] [HMR]  - ./src/styles/global.css @ webpack-internal:///./node_modules/@gatsbyjs/webpack-hot-middleware/process-update.js:125
[   18958ms] [LOG] [HMR] css reload %s http://localhost:8000/commons.css @ webpack-internal:///./node_modules/mini-css-extract-plugin/dist/hmr/hotModuleReplacement.js:212
[   18959ms] [LOG] [HMR] css reload %s http://localhost:8000/commons.css @ webpack-internal:///./node_modules/mini-css-extract-plugin/dist/hmr/hotModuleReplacement.js:212
[   19482ms] [LOG] [HMR] bundle 'develop' rebuilt in 223ms @ webpack-internal:///./node_modules/@gatsbyjs/webpack-hot-middleware/client.js:247
[   19495ms] [LOG] [HMR] bundle rebuilding @ webpack-internal:///./node_modules/@gatsbyjs/webpack-hot-middleware/client.js:238
[   19507ms] [LOG] [HMR] Updated modules: @ webpack-internal:///./node_modules/@gatsbyjs/webpack-hot-middleware/process-update.js:123
[   19507ms] [LOG] [HMR]  - ./.cache/blank.css @ webpack-internal:///./node_modules/@gatsbyjs/webpack-hot-middleware/process-update.js:125
[   19507ms] [LOG] [HMR]  - ./src/styles/global.css @ webpack-internal:///./node_modules/@gatsbyjs/webpack-hot-middleware/process-update.js:125
[   19557ms] [LOG] [HMR] css reload %s http://localhost:8000/commons.css @ webpack-internal:///./node_modules/mini-css-extract-plugin/dist/hmr/hotModuleReplacement.js:212
[   19557ms] [LOG] [HMR] css reload %s http://localhost:8000/commons.css @ webpack-internal:///./node_modules/mini-css-extract-plugin/dist/hmr/hotModuleReplacement.js:212
[   20069ms] [LOG] [HMR] bundle 'develop' rebuilt in 203ms @ webpack-internal:///./node_modules/@gatsbyjs/webpack-hot-middleware/client.js:247
[   20090ms] [LOG] [HMR] bundle rebuilding @ webpack-internal:///./node_modules/@gatsbyjs/webpack-hot-middleware/client.js:238
[   20101ms] [LOG] [HMR] Updated modules: @ webpack-internal:///./node_modules/@gatsbyjs/webpack-hot-middleware/process-update.js:123
[   20101ms] [LOG] [HMR]  - ./.cache/blank.css @ webpack-internal:///./node_modules/@gatsbyjs/webpack-hot-middleware/process-update.js:125
[   20101ms] [LOG] [HMR]  - ./src/styles/global.css @ webpack-internal:///./node_modules/@gatsbyjs/webpack-hot-middleware/process-update.js:125
[   20151ms] [LOG] [HMR] css reload %s http://localhost:8000/commons.css @ webpack-internal:///./node_modules/mini-css-extract-plugin/dist/hmr/hotModuleReplacement.js:212
[   20152ms] [LOG] [HMR] css reload %s http://localhost:8000/commons.css @ webpack-internal:///./node_modules/mini-css-extract-plugin/dist/hmr/hotModuleReplacement.js:212
[   20637ms] [LOG] [HMR] bundle 'develop' rebuilt in 187ms @ webpack-internal:///./node_modules/@gatsbyjs/webpack-hot-middleware/client.js:247
[   20651ms] [LOG] [HMR] bundle rebuilding @ webpack-internal:///./node_modules/@gatsbyjs/webpack-hot-middleware/client.js:238
[   20663ms] [LOG] [HMR] Updated modules: @ webpack-internal:///./node_modules/@gatsbyjs/webpack-hot-middleware/process-update.js:123
[   20663ms] [LOG] [HMR]  - ./.cache/blank.css @ webpack-internal:///./node_modules/@gatsbyjs/webpack-hot-middleware/process-update.js:125
[   20663ms] [LOG] [HMR]  - ./src/styles/global.css @ webpack-internal:///./node_modules/@gatsbyjs/webpack-hot-middleware/process-update.js:125
[   20713ms] [LOG] [HMR] css reload %s http://localhost:8000/commons.css @ webpack-internal:///./node_modules/mini-css-extract-plugin/dist/hmr/hotModuleReplacement.js:212
[   20714ms] [LOG] [HMR] css reload %s http://localhost:8000/commons.css @ webpack-internal:///./node_modules/mini-css-extract-plugin/dist/hmr/hotModuleReplacement.js:212
