[     341ms] [INFO] %cDownload the React DevTools for a better development experience: https://reactjs.org/link/react-devtools font-weight:bold @ webpack-internal:///./node_modules/react-dom/cjs/react-dom.development.js:29890
[     411ms] [LOG] [HMR] connected @ webpack-internal:///./node_modules/@gatsbyjs/webpack-hot-middleware/client.js:92
[    1025ms] [LOG] [HMR] bundle 'develop' rebuilt in 302ms @ webpack-internal:///./node_modules/@gatsbyjs/webpack-hot-middleware/client.js:247
[    1027ms] [LOG] %c
/home/eduapaul/repos/eduardpaul.github.io/src/components/ui/AnimatedSection.js
  1:17  warning  'useMemo' is defined but never used  no-unused-vars

✖ 1 problem (0 errors, 1 warning)
 color: #999933; @ webpack-internal:///./node_modules/@gatsbyjs/webpack-hot-middleware/client.js:193
[    1027ms] [LOG] [HMR] Checking for updates on the server... @ webpack-internal:///./node_modules/@gatsbyjs/webpack-hot-middleware/process-update.js:49
[    1064ms] [LOG] [HMR] bundle rebuilding @ webpack-internal:///./node_modules/@gatsbyjs/webpack-hot-middleware/client.js:238
[    1638ms] [LOG] [HMR] bundle 'develop' rebuilt in 221ms @ webpack-internal:///./node_modules/@gatsbyjs/webpack-hot-middleware/client.js:247
[    1659ms] [LOG] [HMR] bundle rebuilding @ webpack-internal:///./node_modules/@gatsbyjs/webpack-hot-middleware/client.js:238
[    1674ms] [LOG] [HMR] Updated modules: @ webpack-internal:///./node_modules/@gatsbyjs/webpack-hot-middleware/process-update.js:123
[    1674ms] [LOG] [HMR]  - ./.cache/blank.css @ webpack-internal:///./node_modules/@gatsbyjs/webpack-hot-middleware/process-update.js:125
[    1674ms] [LOG] [HMR]  - ./src/styles/global.css @ webpack-internal:///./node_modules/@gatsbyjs/webpack-hot-middleware/process-update.js:125
[    1755ms] [LOG] [HMR] css reload %s http://localhost:8000/commons.css @ webpack-internal:///./node_modules/mini-css-extract-plugin/dist/hmr/hotModuleReplacement.js:212
[    1756ms] [LOG] [HMR] css reload %s http://localhost:8000/commons.css @ webpack-internal:///./node_modules/mini-css-extract-plugin/dist/hmr/hotModuleReplacement.js:212
[    2243ms] [LOG] [HMR] bundle 'develop' rebuilt in 227ms @ webpack-internal:///./node_modules/@gatsbyjs/webpack-hot-middleware/client.js:247
[    2266ms] [LOG] [HMR] bundle rebuilding @ webpack-internal:///./node_modules/@gatsbyjs/webpack-hot-middleware/client.js:238
[    2849ms] [LOG] [HMR] bundle 'develop' rebuilt in 208ms @ webpack-internal:///./node_modules/@gatsbyjs/webpack-hot-middleware/client.js:247
[    2875ms] [LOG] [HMR] bundle rebuilding @ webpack-internal:///./node_modules/@gatsbyjs/webpack-hot-middleware/client.js:238
[    2876ms] [LOG] [HMR] Updated modules: @ webpack-internal:///./node_modules/@gatsbyjs/webpack-hot-middleware/process-update.js:123
[    2876ms] [LOG] [HMR]  - ./.cache/blank.css @ webpack-internal:///./node_modules/@gatsbyjs/webpack-hot-middleware/process-update.js:125
[    2876ms] [LOG] [HMR]  - ./src/styles/global.css @ webpack-internal:///./node_modules/@gatsbyjs/webpack-hot-middleware/process-update.js:125
[    2926ms] [LOG] [HMR] css reload %s http://localhost:8000/commons.css @ webpack-internal:///./node_modules/mini-css-extract-plugin/dist/hmr/hotModuleReplacement.js:212
[    2927ms] [LOG] [HMR] css reload %s http://localhost:8000/commons.css @ webpack-internal:///./node_modules/mini-css-extract-plugin/dist/hmr/hotModuleReplacement.js:212
[    3453ms] [LOG] [HMR] bundle 'develop' rebuilt in 219ms @ webpack-internal:///./node_modules/@gatsbyjs/webpack-hot-middleware/client.js:247
[    3476ms] [LOG] [HMR] bundle rebuilding @ webpack-internal:///./node_modules/@gatsbyjs/webpack-hot-middleware/client.js:238
[    3493ms] [LOG] [HMR] Updated modules: @ webpack-internal:///./node_modules/@gatsbyjs/webpack-hot-middleware/process-update.js:123
[    3493ms] [LOG] [HMR]  - ./.cache/blank.css @ webpack-internal:///./node_modules/@gatsbyjs/webpack-hot-middleware/process-update.js:125
[    3493ms] [LOG] [HMR]  - ./src/styles/global.css @ webpack-internal:///./node_modules/@gatsbyjs/webpack-hot-middleware/process-update.js:125
[    3543ms] [LOG] [HMR] css reload %s http://localhost:8000/commons.css @ webpack-internal:///./node_modules/mini-css-extract-plugin/dist/hmr/hotModuleReplacement.js:212
[    3544ms] [LOG] [HMR] css reload %s http://localhost:8000/commons.css @ webpack-internal:///./node_modules/mini-css-extract-plugin/dist/hmr/hotModuleReplacement.js:212
[    4080ms] [LOG] [HMR] bundle 'develop' rebuilt in 226ms @ webpack-internal:///./node_modules/@gatsbyjs/webpack-hot-middleware/client.js:247
[    4099ms] [LOG] [HMR] bundle rebuilding @ webpack-internal:///./node_modules/@gatsbyjs/webpack-hot-middleware/client.js:238
[    4103ms] [LOG] [HMR] Updated modules: @ webpack-internal:///./node_modules/@gatsbyjs/webpack-hot-middleware/process-update.js:123
[    4103ms] [LOG] [HMR]  - ./.cache/blank.css @ webpack-internal:///./node_modules/@gatsbyjs/webpack-hot-middleware/process-update.js:125
[    4103ms] [LOG] [HMR]  - ./src/styles/global.css @ webpack-internal:///./node_modules/@gatsbyjs/webpack-hot-middleware/process-update.js:125
[    4154ms] [LOG] [HMR] css reload %s http://localhost:8000/commons.css @ webpack-internal:///./node_modules/mini-css-extract-plugin/dist/hmr/hotModuleReplacement.js:212
[    4154ms] [LOG] [HMR] css reload %s http://localhost:8000/commons.css @ webpack-internal:///./node_modules/mini-css-extract-plugin/dist/hmr/hotModuleReplacement.js:212
[    4653ms] [LOG] [HMR] bundle 'develop' rebuilt in 202ms @ webpack-internal:///./node_modules/@gatsbyjs/webpack-hot-middleware/client.js:247
[    4683ms] [LOG] [HMR] bundle rebuilding @ webpack-internal:///./node_modules/@gatsbyjs/webpack-hot-middleware/client.js:238
[    4696ms] [LOG] [HMR] Updated modules: @ webpack-internal:///./node_modules/@gatsbyjs/webpack-hot-middleware/process-update.js:123
[    4696ms] [LOG] [HMR]  - ./.cache/blank.css @ webpack-internal:///./node_modules/@gatsbyjs/webpack-hot-middleware/process-update.js:125
[    4696ms] [LOG] [HMR]  - ./src/styles/global.css @ webpack-internal:///./node_modules/@gatsbyjs/webpack-hot-middleware/process-update.js:125
[    4747ms] [LOG] [HMR] css reload %s http://localhost:8000/commons.css @ webpack-internal:///./node_modules/mini-css-extract-plugin/dist/hmr/hotModuleReplacement.js:212
[    4747ms] [LOG] [HMR] css reload %s http://localhost:8000/commons.css @ webpack-internal:///./node_modules/mini-css-extract-plugin/dist/hmr/hotModuleReplacement.js:212
[    5222ms] [LOG] [HMR] bundle 'develop' rebuilt in 188ms @ webpack-internal:///./node_modules/@gatsbyjs/webpack-hot-middleware/client.js:247
[    5249ms] [LOG] [HMR] bundle rebuilding @ webpack-internal:///./node_modules/@gatsbyjs/webpack-hot-middleware/client.js:238
[    5792ms] [LOG] [HMR] bundle 'develop' rebuilt in 199ms @ webpack-internal:///./node_modules/@gatsbyjs/webpack-hot-middleware/client.js:247
[    5828ms] [LOG] [HMR] bundle rebuilding @ webpack-internal:///./node_modules/@gatsbyjs/webpack-hot-middleware/client.js:238
[    5829ms] [LOG] [HMR] Updated modules: @ webpack-internal:///./node_modules/@gatsbyjs/webpack-hot-middleware/process-update.js:123
[    5829ms] [LOG] [HMR]  - ./.cache/blank.css @ webpack-internal:///./node_modules/@gatsbyjs/webpack-hot-middleware/process-update.js:125
[    5829ms] [LOG] [HMR]  - ./src/styles/global.css @ webpack-internal:///./node_modules/@gatsbyjs/webpack-hot-middleware/process-update.js:125
[    5880ms] [LOG] [HMR] css reload %s http://localhost:8000/commons.css @ webpack-internal:///./node_modules/mini-css-extract-plugin/dist/hmr/hotModuleReplacement.js:212
[    5880ms] [LOG] [HMR] css reload %s http://localhost:8000/commons.css @ webpack-internal:///./node_modules/mini-css-extract-plugin/dist/hmr/hotModuleReplacement.js:212
[    6373ms] [LOG] [HMR] bundle 'develop' rebuilt in 199ms @ webpack-internal:///./node_modules/@gatsbyjs/webpack-hot-middleware/client.js:247
[    6403ms] [LOG] [HMR] bundle rebuilding @ webpack-internal:///./node_modules/@gatsbyjs/webpack-hot-middleware/client.js:238
[    6956ms] [LOG] [HMR] bundle 'develop' rebuilt in 209ms @ webpack-internal:///./node_modules/@gatsbyjs/webpack-hot-middleware/client.js:247
[    6975ms] [LOG] [HMR] bundle rebuilding @ webpack-internal:///./node_modules/@gatsbyjs/webpack-hot-middleware/client.js:238
[    6977ms] [LOG] [HMR] Updated modules: @ webpack-internal:///./node_modules/@gatsbyjs/webpack-hot-middleware/process-update.js:123
[    6977ms] [LOG] [HMR]  - ./.cache/blank.css @ webpack-internal:///./node_modules/@gatsbyjs/webpack-hot-middleware/process-update.js:125
[    6977ms] [LOG] [HMR]  - ./src/styles/global.css @ webpack-internal:///./node_modules/@gatsbyjs/webpack-hot-middleware/process-update.js:125
[    7030ms] [LOG] [HMR] css reload %s http://localhost:8000/commons.css @ webpack-internal:///./node_modules/mini-css-extract-plugin/dist/hmr/hotModuleReplacement.js:212
[    7031ms] [LOG] [HMR] css reload %s http://localhost:8000/commons.css @ webpack-internal:///./node_modules/mini-css-extract-plugin/dist/hmr/hotModuleReplacement.js:212
[    7643ms] [LOG] [HMR] bundle 'develop' rebuilt in 306ms @ webpack-internal:///./node_modules/@gatsbyjs/webpack-hot-middleware/client.js:247
[    7674ms] [LOG] [HMR] bundle rebuilding @ webpack-internal:///./node_modules/@gatsbyjs/webpack-hot-middleware/client.js:238
[    8237ms] [LOG] [HMR] bundle 'develop' rebuilt in 205ms @ webpack-internal:///./node_modules/@gatsbyjs/webpack-hot-middleware/client.js:247
[    8259ms] [LOG] [HMR] bundle rebuilding @ webpack-internal:///./node_modules/@gatsbyjs/webpack-hot-middleware/client.js:238
[    8260ms] [LOG] [HMR] Updated modules: @ webpack-internal:///./node_modules/@gatsbyjs/webpack-hot-middleware/process-update.js:123
[    8260ms] [LOG] [HMR]  - ./.cache/blank.css @ webpack-internal:///./node_modules/@gatsbyjs/webpack-hot-middleware/process-update.js:125
[    8261ms] [LOG] [HMR]  - ./src/styles/global.css @ webpack-internal:///./node_modules/@gatsbyjs/webpack-hot-middleware/process-update.js:125
[    8314ms] [LOG] [HMR] css reload %s http://localhost:8000/commons.css @ webpack-internal:///./node_modules/mini-css-extract-plugin/dist/hmr/hotModuleReplacement.js:212
[    8315ms] [LOG] [HMR] css reload %s http://localhost:8000/commons.css @ webpack-internal:///./node_modules/mini-css-extract-plugin/dist/hmr/hotModuleReplacement.js:212
[    8795ms] [LOG] [HMR] bundle 'develop' rebuilt in 181ms @ webpack-internal:///./node_modules/@gatsbyjs/webpack-hot-middleware/client.js:247
[    8835ms] [LOG] [HMR] bundle rebuilding @ webpack-internal:///./node_modules/@gatsbyjs/webpack-hot-middleware/client.js:238
[    9341ms] [LOG] [HMR] bundle 'develop' rebuilt in 179ms @ webpack-internal:///./node_modules/@gatsbyjs/webpack-hot-middleware/client.js:247
[    9362ms] [LOG] [HMR] bundle rebuilding @ webpack-internal:///./node_modules/@gatsbyjs/webpack-hot-middleware/client.js:238
[    9364ms] [LOG] [HMR] Updated modules: @ webpack-internal:///./node_modules/@gatsbyjs/webpack-hot-middleware/process-update.js:123
[    9364ms] [LOG] [HMR]  - ./.cache/blank.css @ webpack-internal:///./node_modules/@gatsbyjs/webpack-hot-middleware/process-update.js:125
[    9364ms] [LOG] [HMR]  - ./src/styles/global.css @ webpack-internal:///./node_modules/@gatsbyjs/webpack-hot-middleware/process-update.js:125
[    9418ms] [LOG] [HMR] css reload %s http://localhost:8000/commons.css @ webpack-internal:///./node_modules/mini-css-extract-plugin/dist/hmr/hotModuleReplacement.js:212
[    9420ms] [LOG] [HMR] css reload %s http://localhost:8000/commons.css @ webpack-internal:///./node_modules/mini-css-extract-plugin/dist/hmr/hotModuleReplacement.js:212
[    9904ms] [LOG] [HMR] bundle 'develop' rebuilt in 180ms @ webpack-internal:///./node_modules/@gatsbyjs/webpack-hot-middleware/client.js:247
[    9936ms] [LOG] [HMR] bundle rebuilding @ webpack-internal:///./node_modules/@gatsbyjs/webpack-hot-middleware/client.js:238
[   10472ms] [LOG] [HMR] bundle 'develop' rebuilt in 193ms @ webpack-internal:///./node_modules/@gatsbyjs/webpack-hot-middleware/client.js:247
[   10503ms] [LOG] [HMR] bundle rebuilding @ webpack-internal:///./node_modules/@gatsbyjs/webpack-hot-middleware/client.js:238
[   10504ms] [LOG] [HMR] Updated modules: @ webpack-internal:///./node_modules/@gatsbyjs/webpack-hot-middleware/process-update.js:123
[   10504ms] [LOG] [HMR]  - ./.cache/blank.css @ webpack-internal:///./node_modules/@gatsbyjs/webpack-hot-middleware/process-update.js:125
[   10504ms] [LOG] [HMR]  - ./src/styles/global.css @ webpack-internal:///./node_modules/@gatsbyjs/webpack-hot-middleware/process-update.js:125
[   10559ms] [LOG] [HMR] css reload %s http://localhost:8000/commons.css @ webpack-internal:///./node_modules/mini-css-extract-plugin/dist/hmr/hotModuleReplacement.js:212
[   10561ms] [LOG] [HMR] css reload %s http://localhost:8000/commons.css @ webpack-internal:///./node_modules/mini-css-extract-plugin/dist/hmr/hotModuleReplacement.js:212
[   11041ms] [LOG] [HMR] bundle 'develop' rebuilt in 188ms @ webpack-internal:///./node_modules/@gatsbyjs/webpack-hot-middleware/client.js:247
[   11078ms] [LOG] [HMR] bundle rebuilding @ webpack-internal:///./node_modules/@gatsbyjs/webpack-hot-middleware/client.js:238
[   11600ms] [LOG] [HMR] bundle 'develop' rebuilt in 179ms @ webpack-internal:///./node_modules/@gatsbyjs/webpack-hot-middleware/client.js:247
[   11630ms] [LOG] [HMR] bundle rebuilding @ webpack-internal:///./node_modules/@gatsbyjs/webpack-hot-middleware/client.js:238
[   11631ms] [LOG] [HMR] Updated modules: @ webpack-internal:///./node_modules/@gatsbyjs/webpack-hot-middleware/process-update.js:123
[   11631ms] [LOG] [HMR]  - ./.cache/blank.css @ webpack-internal:///./node_modules/@gatsbyjs/webpack-hot-middleware/process-update.js:125
[   11631ms] [LOG] [HMR]  - ./src/styles/global.css @ webpack-internal:///./node_modules/@gatsbyjs/webpack-hot-middleware/process-update.js:125
[   11687ms] [LOG] [HMR] css reload %s http://localhost:8000/commons.css @ webpack-internal:///./node_modules/mini-css-extract-plugin/dist/hmr/hotModuleReplacement.js:212
[   11688ms] [LOG] [HMR] css reload %s http://localhost:8000/commons.css @ webpack-internal:///./node_modules/mini-css-extract-plugin/dist/hmr/hotModuleReplacement.js:212
[   12171ms] [LOG] [HMR] bundle 'develop' rebuilt in 187ms @ webpack-internal:///./node_modules/@gatsbyjs/webpack-hot-middleware/client.js:247
[   12202ms] [LOG] [HMR] bundle rebuilding @ webpack-internal:///./node_modules/@gatsbyjs/webpack-hot-middleware/client.js:238
[   12719ms] [LOG] [HMR] bundle 'develop' rebuilt in 183ms @ webpack-internal:///./node_modules/@gatsbyjs/webpack-hot-middleware/client.js:247
[   12742ms] [LOG] [HMR] bundle rebuilding @ webpack-internal:///./node_modules/@gatsbyjs/webpack-hot-middleware/client.js:238
[   12745ms] [LOG] [HMR] Updated modules: @ webpack-internal:///./node_modules/@gatsbyjs/webpack-hot-middleware/process-update.js:123
[   12745ms] [LOG] [HMR]  - ./.cache/blank.css @ webpack-internal:///./node_modules/@gatsbyjs/webpack-hot-middleware/process-update.js:125
[   12746ms] [LOG] [HMR]  - ./src/styles/global.css @ webpack-internal:///./node_modules/@gatsbyjs/webpack-hot-middleware/process-update.js:125
[   12799ms] [LOG] [HMR] css reload %s http://localhost:8000/commons.css @ webpack-internal:///./node_modules/mini-css-extract-plugin/dist/hmr/hotModuleReplacement.js:212
[   12799ms] [LOG] [HMR] css reload %s http://localhost:8000/commons.css @ webpack-internal:///./node_modules/mini-css-extract-plugin/dist/hmr/hotModuleReplacement.js:212
[   13273ms] [LOG] [HMR] bundle 'develop' rebuilt in 178ms @ webpack-internal:///./node_modules/@gatsbyjs/webpack-hot-middleware/client.js:247
[   13303ms] [LOG] [HMR] bundle rebuilding @ webpack-internal:///./node_modules/@gatsbyjs/webpack-hot-middleware/client.js:238
[   13923ms] [LOG] [HMR] bundle 'develop' rebuilt in 256ms @ webpack-internal:///./node_modules/@gatsbyjs/webpack-hot-middleware/client.js:247
[   13949ms] [LOG] [HMR] bundle rebuilding @ webpack-internal:///./node_modules/@gatsbyjs/webpack-hot-middleware/client.js:238
[   13951ms] [LOG] [HMR] Updated modules: @ webpack-internal:///./node_modules/@gatsbyjs/webpack-hot-middleware/process-update.js:123
[   13951ms] [LOG] [HMR]  - ./.cache/blank.css @ webpack-internal:///./node_modules/@gatsbyjs/webpack-hot-middleware/process-update.js:125
[   13951ms] [LOG] [HMR]  - ./src/styles/global.css @ webpack-internal:///./node_modules/@gatsbyjs/webpack-hot-middleware/process-update.js:125
[   14006ms] [LOG] [HMR] css reload %s http://localhost:8000/commons.css @ webpack-internal:///./node_modules/mini-css-extract-plugin/dist/hmr/hotModuleReplacement.js:212
[   14007ms] [LOG] [HMR] css reload %s http://localhost:8000/commons.css @ webpack-internal:///./node_modules/mini-css-extract-plugin/dist/hmr/hotModuleReplacement.js:212
[   14515ms] [LOG] [HMR] bundle 'develop' rebuilt in 219ms @ webpack-internal:///./node_modules/@gatsbyjs/webpack-hot-middleware/client.js:247
[   14558ms] [LOG] [HMR] bundle rebuilding @ webpack-internal:///./node_modules/@gatsbyjs/webpack-hot-middleware/client.js:238
[   15092ms] [LOG] [HMR] bundle 'develop' rebuilt in 186ms @ webpack-internal:///./node_modules/@gatsbyjs/webpack-hot-middleware/client.js:247
[   15110ms] [LOG] [HMR] bundle rebuilding @ webpack-internal:///./node_modules/@gatsbyjs/webpack-hot-middleware/client.js:238
[   15124ms] [LOG] [HMR] Updated modules: @ webpack-internal:///./node_modules/@gatsbyjs/webpack-hot-middleware/process-update.js:123
[   15124ms] [LOG] [HMR]  - ./.cache/blank.css @ webpack-internal:///./node_modules/@gatsbyjs/webpack-hot-middleware/process-update.js:125
[   15124ms] [LOG] [HMR]  - ./src/styles/global.css @ webpack-internal:///./node_modules/@gatsbyjs/webpack-hot-middleware/process-update.js:125
[   15174ms] [LOG] [HMR] css reload %s http://localhost:8000/commons.css @ webpack-internal:///./node_modules/mini-css-extract-plugin/dist/hmr/hotModuleReplacement.js:212
[   15175ms] [LOG] [HMR] css reload %s http://localhost:8000/commons.css @ webpack-internal:///./node_modules/mini-css-extract-plugin/dist/hmr/hotModuleReplacement.js:212
[   15672ms] [LOG] [HMR] bundle 'develop' rebuilt in 214ms @ webpack-internal:///./node_modules/@gatsbyjs/webpack-hot-middleware/client.js:247
[   15710ms] [LOG] [HMR] bundle rebuilding @ webpack-internal:///./node_modules/@gatsbyjs/webpack-hot-middleware/client.js:238
[   16254ms] [LOG] [HMR] bundle 'develop' rebuilt in 192ms @ webpack-internal:///./node_modules/@gatsbyjs/webpack-hot-middleware/client.js:247
[   16270ms] [LOG] [HMR] bundle rebuilding @ webpack-internal:///./node_modules/@gatsbyjs/webpack-hot-middleware/client.js:238
[   16285ms] [LOG] [HMR] Updated modules: @ webpack-internal:///./node_modules/@gatsbyjs/webpack-hot-middleware/process-update.js:123
[   16285ms] [LOG] [HMR]  - ./.cache/blank.css @ webpack-internal:///./node_modules/@gatsbyjs/webpack-hot-middleware/process-update.js:125
[   16285ms] [LOG] [HMR]  - ./src/styles/global.css @ webpack-internal:///./node_modules/@gatsbyjs/webpack-hot-middleware/process-update.js:125
[   16342ms] [LOG] [HMR] css reload %s http://localhost:8000/commons.css @ webpack-internal:///./node_modules/mini-css-extract-plugin/dist/hmr/hotModuleReplacement.js:212
[   16343ms] [LOG] [HMR] css reload %s http://localhost:8000/commons.css @ webpack-internal:///./node_modules/mini-css-extract-plugin/dist/hmr/hotModuleReplacement.js:212
[   16808ms] [LOG] [HMR] bundle 'develop' rebuilt in 192ms @ webpack-internal:///./node_modules/@gatsbyjs/webpack-hot-middleware/client.js:247
[   16848ms] [LOG] [HMR] bundle rebuilding @ webpack-internal:///./node_modules/@gatsbyjs/webpack-hot-middleware/client.js:238
[   17366ms] [LOG] [HMR] bundle 'develop' rebuilt in 170ms @ webpack-internal:///./node_modules/@gatsbyjs/webpack-hot-middleware/client.js:247
[   17386ms] [LOG] [HMR] bundle rebuilding @ webpack-internal:///./node_modules/@gatsbyjs/webpack-hot-middleware/client.js:238
[   17399ms] [LOG] [HMR] Updated modules: @ webpack-internal:///./node_modules/@gatsbyjs/webpack-hot-middleware/process-update.js:123
[   17399ms] [LOG] [HMR]  - ./.cache/blank.css @ webpack-internal:///./node_modules/@gatsbyjs/webpack-hot-middleware/process-update.js:125
[   17400ms] [LOG] [HMR]  - ./src/styles/global.css @ webpack-internal:///./node_modules/@gatsbyjs/webpack-hot-middleware/process-update.js:125
[   17451ms] [LOG] [HMR] css reload %s http://localhost:8000/commons.css @ webpack-internal:///./node_modules/mini-css-extract-plugin/dist/hmr/hotModuleReplacement.js:212
[   17451ms] [LOG] [HMR] css reload %s http://localhost:8000/commons.css @ webpack-internal:///./node_modules/mini-css-extract-plugin/dist/hmr/hotModuleReplacement.js:212
[   17929ms] [LOG] [HMR] bundle 'develop' rebuilt in 195ms @ webpack-internal:///./node_modules/@gatsbyjs/webpack-hot-middleware/client.js:247
[   17970ms] [LOG] [HMR] bundle rebuilding @ webpack-internal:///./node_modules/@gatsbyjs/webpack-hot-middleware/client.js:238
[   18515ms] [LOG] [HMR] bundle 'develop' rebuilt in 193ms @ webpack-internal:///./node_modules/@gatsbyjs/webpack-hot-middleware/client.js:247
[   18527ms] [LOG] [HMR] bundle rebuilding @ webpack-internal:///./node_modules/@gatsbyjs/webpack-hot-middleware/client.js:238
[   18529ms] [LOG] [HMR] Updated modules: @ webpack-internal:///./node_modules/@gatsbyjs/webpack-hot-middleware/process-update.js:123
[   18529ms] [LOG] [HMR]  - ./.cache/blank.css @ webpack-internal:///./node_modules/@gatsbyjs/webpack-hot-middleware/process-update.js:125
[   18530ms] [LOG] [HMR]  - ./src/styles/global.css @ webpack-internal:///./node_modules/@gatsbyjs/webpack-hot-middleware/process-update.js:125
[   18583ms] [LOG] [HMR] css reload %s http://localhost:8000/commons.css @ webpack-internal:///./node_modules/mini-css-extract-plugin/dist/hmr/hotModuleReplacement.js:212
[   18584ms] [LOG] [HMR] css reload %s http://localhost:8000/commons.css @ webpack-internal:///./node_modules/mini-css-extract-plugin/dist/hmr/hotModuleReplacement.js:212
[   19122ms] [LOG] [HMR] bundle 'develop' rebuilt in 218ms @ webpack-internal:///./node_modules/@gatsbyjs/webpack-hot-middleware/client.js:247
[   19159ms] [LOG] [HMR] bundle rebuilding @ webpack-internal:///./node_modules/@gatsbyjs/webpack-hot-middleware/client.js:238
[   19733ms] [LOG] [HMR] bundle 'develop' rebuilt in 210ms @ webpack-internal:///./node_modules/@gatsbyjs/webpack-hot-middleware/client.js:247
[   19754ms] [LOG] [HMR] bundle rebuilding @ webpack-internal:///./node_modules/@gatsbyjs/webpack-hot-middleware/client.js:238
[   19771ms] [LOG] [HMR] Updated modules: @ webpack-internal:///./node_modules/@gatsbyjs/webpack-hot-middleware/process-update.js:123
[   19771ms] [LOG] [HMR]  - ./.cache/blank.css @ webpack-internal:///./node_modules/@gatsbyjs/webpack-hot-middleware/process-update.js:125
[   19772ms] [LOG] [HMR]  - ./src/styles/global.css @ webpack-internal:///./node_modules/@gatsbyjs/webpack-hot-middleware/process-update.js:125
[   19822ms] [LOG] [HMR] css reload %s http://localhost:8000/commons.css @ webpack-internal:///./node_modules/mini-css-extract-plugin/dist/hmr/hotModuleReplacement.js:212
[   19823ms] [LOG] [HMR] css reload %s http://localhost:8000/commons.css @ webpack-internal:///./node_modules/mini-css-extract-plugin/dist/hmr/hotModuleReplacement.js:212
[   20507ms] [LOG] [HMR] bundle 'develop' rebuilt in 345ms @ webpack-internal:///./node_modules/@gatsbyjs/webpack-hot-middleware/client.js:247
[   20550ms] [LOG] [HMR] bundle rebuilding @ webpack-internal:///./node_modules/@gatsbyjs/webpack-hot-middleware/client.js:238
[   21099ms] [LOG] [HMR] bundle 'develop' rebuilt in 209ms @ webpack-internal:///./node_modules/@gatsbyjs/webpack-hot-middleware/client.js:247
[   21137ms] [LOG] [HMR] bundle rebuilding @ webpack-internal:///./node_modules/@gatsbyjs/webpack-hot-middleware/client.js:238
[   21139ms] [LOG] [HMR] Updated modules: @ webpack-internal:///./node_modules/@gatsbyjs/webpack-hot-middleware/process-update.js:123
[   21139ms] [LOG] [HMR]  - ./.cache/blank.css @ webpack-internal:///./node_modules/@gatsbyjs/webpack-hot-middleware/process-update.js:125
[   21140ms] [LOG] [HMR]  - ./src/styles/global.css @ webpack-internal:///./node_modules/@gatsbyjs/webpack-hot-middleware/process-update.js:125
[   21191ms] [LOG] [HMR] css reload %s http://localhost:8000/commons.css @ webpack-internal:///./node_modules/mini-css-extract-plugin/dist/hmr/hotModuleReplacement.js:212
[   21191ms] [LOG] [HMR] css reload %s http://localhost:8000/commons.css @ webpack-internal:///./node_modules/mini-css-extract-plugin/dist/hmr/hotModuleReplacement.js:212
[   21697ms] [LOG] [HMR] bundle 'develop' rebuilt in 191ms @ webpack-internal:///./node_modules/@gatsbyjs/webpack-hot-middleware/client.js:247
[   21733ms] [LOG] [HMR] bundle rebuilding @ webpack-internal:///./node_modules/@gatsbyjs/webpack-hot-middleware/client.js:238
[   22344ms] [LOG] [HMR] bundle 'develop' rebuilt in 259ms @ webpack-internal:///./node_modules/@gatsbyjs/webpack-hot-middleware/client.js:247
[   22366ms] [LOG] [HMR] bundle rebuilding @ webpack-internal:///./node_modules/@gatsbyjs/webpack-hot-middleware/client.js:238
[   22367ms] [LOG] [HMR] Updated modules: @ webpack-internal:///./node_modules/@gatsbyjs/webpack-hot-middleware/process-update.js:123
[   22367ms] [LOG] [HMR]  - ./.cache/blank.css @ webpack-internal:///./node_modules/@gatsbyjs/webpack-hot-middleware/process-update.js:125
[   22367ms] [LOG] [HMR]  - ./src/styles/global.css @ webpack-internal:///./node_modules/@gatsbyjs/webpack-hot-middleware/process-update.js:125
[   22418ms] [LOG] [HMR] css reload %s http://localhost:8000/commons.css @ webpack-internal:///./node_modules/mini-css-extract-plugin/dist/hmr/hotModuleReplacement.js:212
[   22434ms] [LOG] [HMR] css reload %s http://localhost:8000/commons.css @ webpack-internal:///./node_modules/mini-css-extract-plugin/dist/hmr/hotModuleReplacement.js:212
[   22997ms] [LOG] [HMR] bundle 'develop' rebuilt in 251ms @ webpack-internal:///./node_modules/@gatsbyjs/webpack-hot-middleware/client.js:247
[   23049ms] [LOG] [HMR] bundle rebuilding @ webpack-internal:///./node_modules/@gatsbyjs/webpack-hot-middleware/client.js:238
[   23071ms] [LOG] [HMR] Updated modules: @ webpack-internal:///./node_modules/@gatsbyjs/webpack-hot-middleware/process-update.js:123
[   23071ms] [LOG] [HMR]  - ./.cache/blank.css @ webpack-internal:///./node_modules/@gatsbyjs/webpack-hot-middleware/process-update.js:125
[   23071ms] [LOG] [HMR]  - ./src/styles/global.css @ webpack-internal:///./node_modules/@gatsbyjs/webpack-hot-middleware/process-update.js:125
[   23121ms] [LOG] [HMR] css reload %s http://localhost:8000/commons.css @ webpack-internal:///./node_modules/mini-css-extract-plugin/dist/hmr/hotModuleReplacement.js:212
[   23122ms] [LOG] [HMR] css reload %s http://localhost:8000/commons.css @ webpack-internal:///./node_modules/mini-css-extract-plugin/dist/hmr/hotModuleReplacement.js:212
[   23660ms] [LOG] [HMR] bundle 'develop' rebuilt in 261ms @ webpack-internal:///./node_modules/@gatsbyjs/webpack-hot-middleware/client.js:247
[   23683ms] [LOG] [HMR] bundle rebuilding @ webpack-internal:///./node_modules/@gatsbyjs/webpack-hot-middleware/client.js:238
[   23715ms] [LOG] [HMR] Updated modules: @ webpack-internal:///./node_modules/@gatsbyjs/webpack-hot-middleware/process-update.js:123
[   23715ms] [LOG] [HMR]  - ./.cache/blank.css @ webpack-internal:///./node_modules/@gatsbyjs/webpack-hot-middleware/process-update.js:125
[   23715ms] [LOG] [HMR]  - ./src/styles/global.css @ webpack-internal:///./node_modules/@gatsbyjs/webpack-hot-middleware/process-update.js:125
[   23768ms] [LOG] [HMR] css reload %s http://localhost:8000/commons.css @ webpack-internal:///./node_modules/mini-css-extract-plugin/dist/hmr/hotModuleReplacement.js:212
[   23769ms] [LOG] [HMR] css reload %s http://localhost:8000/commons.css @ webpack-internal:///./node_modules/mini-css-extract-plugin/dist/hmr/hotModuleReplacement.js:212
[   24264ms] [LOG] [HMR] bundle 'develop' rebuilt in 211ms @ webpack-internal:///./node_modules/@gatsbyjs/webpack-hot-middleware/client.js:247
[   24311ms] [LOG] [HMR] bundle rebuilding @ webpack-internal:///./node_modules/@gatsbyjs/webpack-hot-middleware/client.js:238
[   24328ms] [LOG] [HMR] Updated modules: @ webpack-internal:///./node_modules/@gatsbyjs/webpack-hot-middleware/process-update.js:123
[   24328ms] [LOG] [HMR]  - ./.cache/blank.css @ webpack-internal:///./node_modules/@gatsbyjs/webpack-hot-middleware/process-update.js:125
[   24328ms] [LOG] [HMR]  - ./src/styles/global.css @ webpack-internal:///./node_modules/@gatsbyjs/webpack-hot-middleware/process-update.js:125
[   24379ms] [LOG] [HMR] css reload %s http://localhost:8000/commons.css @ webpack-internal:///./node_modules/mini-css-extract-plugin/dist/hmr/hotModuleReplacement.js:212
[   24380ms] [LOG] [HMR] css reload %s http://localhost:8000/commons.css @ webpack-internal:///./node_modules/mini-css-extract-plugin/dist/hmr/hotModuleReplacement.js:212
[   24891ms] [LOG] [HMR] bundle 'develop' rebuilt in 246ms @ webpack-internal:///./node_modules/@gatsbyjs/webpack-hot-middleware/client.js:247
[   24912ms] [LOG] [HMR] bundle rebuilding @ webpack-internal:///./node_modules/@gatsbyjs/webpack-hot-middleware/client.js:238
[   24943ms] [LOG] [HMR] Updated modules: @ webpack-internal:///./node_modules/@gatsbyjs/webpack-hot-middleware/process-update.js:123
[   24943ms] [LOG] [HMR]  - ./.cache/blank.css @ webpack-internal:///./node_modules/@gatsbyjs/webpack-hot-middleware/process-update.js:125
[   24943ms] [LOG] [HMR]  - ./src/styles/global.css @ webpack-internal:///./node_modules/@gatsbyjs/webpack-hot-middleware/process-update.js:125
[   24994ms] [LOG] [HMR] css reload %s http://localhost:8000/commons.css @ webpack-internal:///./node_modules/mini-css-extract-plugin/dist/hmr/hotModuleReplacement.js:212
[   24994ms] [LOG] [HMR] css reload %s http://localhost:8000/commons.css @ webpack-internal:///./node_modules/mini-css-extract-plugin/dist/hmr/hotModuleReplacement.js:212
[   25510ms] [LOG] [HMR] bundle 'develop' rebuilt in 214ms @ webpack-internal:///./node_modules/@gatsbyjs/webpack-hot-middleware/client.js:247
[   25560ms] [LOG] [HMR] bundle rebuilding @ webpack-internal:///./node_modules/@gatsbyjs/webpack-hot-middleware/client.js:238
[   25579ms] [LOG] [HMR] Updated modules: @ webpack-internal:///./node_modules/@gatsbyjs/webpack-hot-middleware/process-update.js:123
[   25579ms] [LOG] [HMR]  - ./.cache/blank.css @ webpack-internal:///./node_modules/@gatsbyjs/webpack-hot-middleware/process-update.js:125
[   25579ms] [LOG] [HMR]  - ./src/styles/global.css @ webpack-internal:///./node_modules/@gatsbyjs/webpack-hot-middleware/process-update.js:125
[   25634ms] [LOG] [HMR] css reload %s http://localhost:8000/commons.css @ webpack-internal:///./node_modules/mini-css-extract-plugin/dist/hmr/hotModuleReplacement.js:212
[   25634ms] [LOG] [HMR] css reload %s http://localhost:8000/commons.css @ webpack-internal:///./node_modules/mini-css-extract-plugin/dist/hmr/hotModuleReplacement.js:212
[   26116ms] [LOG] [HMR] bundle 'develop' rebuilt in 223ms @ webpack-internal:///./node_modules/@gatsbyjs/webpack-hot-middleware/client.js:247
[   26140ms] [LOG] [HMR] bundle rebuilding @ webpack-internal:///./node_modules/@gatsbyjs/webpack-hot-middleware/client.js:238
[   26187ms] [LOG] [HMR] Updated modules: @ webpack-internal:///./node_modules/@gatsbyjs/webpack-hot-middleware/process-update.js:123
[   26187ms] [LOG] [HMR]  - ./.cache/blank.css @ webpack-internal:///./node_modules/@gatsbyjs/webpack-hot-middleware/process-update.js:125
[   26187ms] [LOG] [HMR]  - ./src/styles/global.css @ webpack-internal:///./node_modules/@gatsbyjs/webpack-hot-middleware/process-update.js:125
[   26240ms] [LOG] [HMR] css reload %s http://localhost:8000/commons.css @ webpack-internal:///./node_modules/mini-css-extract-plugin/dist/hmr/hotModuleReplacement.js:212
[   26241ms] [LOG] [HMR] css reload %s http://localhost:8000/commons.css @ webpack-internal:///./node_modules/mini-css-extract-plugin/dist/hmr/hotModuleReplacement.js:212
[   26739ms] [LOG] [HMR] bundle 'develop' rebuilt in 221ms @ webpack-internal:///./node_modules/@gatsbyjs/webpack-hot-middleware/client.js:247
[   26771ms] [LOG] [HMR] bundle rebuilding @ webpack-internal:///./node_modules/@gatsbyjs/webpack-hot-middleware/client.js:238
[   26815ms] [LOG] [HMR] Updated modules: @ webpack-internal:///./node_modules/@gatsbyjs/webpack-hot-middleware/process-update.js:123
[   26816ms] [LOG] [HMR]  - ./.cache/blank.css @ webpack-internal:///./node_modules/@gatsbyjs/webpack-hot-middleware/process-update.js:125
[   26816ms] [LOG] [HMR]  - ./src/styles/global.css @ webpack-internal:///./node_modules/@gatsbyjs/webpack-hot-middleware/process-update.js:125
[   26867ms] [LOG] [HMR] css reload %s http://localhost:8000/commons.css @ webpack-internal:///./node_modules/mini-css-extract-plugin/dist/hmr/hotModuleReplacement.js:212
[   26868ms] [LOG] [HMR] css reload %s http://localhost:8000/commons.css @ webpack-internal:///./node_modules/mini-css-extract-plugin/dist/hmr/hotModuleReplacement.js:212
[   27455ms] [LOG] [HMR] bundle 'develop' rebuilt in 287ms @ webpack-internal:///./node_modules/@gatsbyjs/webpack-hot-middleware/client.js:247
[   27503ms] [LOG] [HMR] bundle rebuilding @ webpack-internal:///./node_modules/@gatsbyjs/webpack-hot-middleware/client.js:238
[   27520ms] [LOG] [HMR] Updated modules: @ webpack-internal:///./node_modules/@gatsbyjs/webpack-hot-middleware/process-update.js:123
[   27520ms] [LOG] [HMR]  - ./.cache/blank.css @ webpack-internal:///./node_modules/@gatsbyjs/webpack-hot-middleware/process-update.js:125
[   27520ms] [LOG] [HMR]  - ./src/styles/global.css @ webpack-internal:///./node_modules/@gatsbyjs/webpack-hot-middleware/process-update.js:125
[   27571ms] [LOG] [HMR] css reload %s http://localhost:8000/commons.css @ webpack-internal:///./node_modules/mini-css-extract-plugin/dist/hmr/hotModuleReplacement.js:212
[   27571ms] [LOG] [HMR] css reload %s http://localhost:8000/commons.css @ webpack-internal:///./node_modules/mini-css-extract-plugin/dist/hmr/hotModuleReplacement.js:212
[   28034ms] [LOG] [HMR] bundle 'develop' rebuilt in 198ms @ webpack-internal:///./node_modules/@gatsbyjs/webpack-hot-middleware/client.js:247
[   28053ms] [LOG] [HMR] bundle rebuilding @ webpack-internal:///./node_modules/@gatsbyjs/webpack-hot-middleware/client.js:238
[   28081ms] [LOG] [HMR] Updated modules: @ webpack-internal:///./node_modules/@gatsbyjs/webpack-hot-middleware/process-update.js:123
[   28081ms] [LOG] [HMR]  - ./.cache/blank.css @ webpack-internal:///./node_modules/@gatsbyjs/webpack-hot-middleware/process-update.js:125
[   28081ms] [LOG] [HMR]  - ./src/styles/global.css @ webpack-internal:///./node_modules/@gatsbyjs/webpack-hot-middleware/process-update.js:125
[   28132ms] [LOG] [HMR] css reload %s http://localhost:8000/commons.css @ webpack-internal:///./node_modules/mini-css-extract-plugin/dist/hmr/hotModuleReplacement.js:212
[   28132ms] [LOG] [HMR] css reload %s http://localhost:8000/commons.css @ webpack-internal:///./node_modules/mini-css-extract-plugin/dist/hmr/hotModuleReplacement.js:212
[   28614ms] [LOG] [HMR] bundle 'develop' rebuilt in 202ms @ webpack-internal:///./node_modules/@gatsbyjs/webpack-hot-middleware/client.js:247
[   28631ms] [LOG] [HMR] bundle rebuilding @ webpack-internal:///./node_modules/@gatsbyjs/webpack-hot-middleware/client.js:238
[   28660ms] [LOG] [HMR] Updated modules: @ webpack-internal:///./node_modules/@gatsbyjs/webpack-hot-middleware/process-update.js:123
[   28661ms] [LOG] [HMR]  - ./.cache/blank.css @ webpack-internal:///./node_modules/@gatsbyjs/webpack-hot-middleware/process-update.js:125
[   28661ms] [LOG] [HMR]  - ./src/styles/global.css @ webpack-internal:///./node_modules/@gatsbyjs/webpack-hot-middleware/process-update.js:125
[   28711ms] [LOG] [HMR] css reload %s http://localhost:8000/commons.css @ webpack-internal:///./node_modules/mini-css-extract-plugin/dist/hmr/hotModuleReplacement.js:212
[   28712ms] [LOG] [HMR] css reload %s http://localhost:8000/commons.css @ webpack-internal:///./node_modules/mini-css-extract-plugin/dist/hmr/hotModuleReplacement.js:212
[   29190ms] [LOG] [HMR] bundle 'develop' rebuilt in 193ms @ webpack-internal:///./node_modules/@gatsbyjs/webpack-hot-middleware/client.js:247
[   29240ms] [LOG] [HMR] bundle rebuilding @ webpack-internal:///./node_modules/@gatsbyjs/webpack-hot-middleware/client.js:238
[   29256ms] [LOG] [HMR] Updated modules: @ webpack-internal:///./node_modules/@gatsbyjs/webpack-hot-middleware/process-update.js:123
[   29256ms] [LOG] [HMR]  - ./.cache/blank.css @ webpack-internal:///./node_modules/@gatsbyjs/webpack-hot-middleware/process-update.js:125
[   29256ms] [LOG] [HMR]  - ./src/styles/global.css @ webpack-internal:///./node_modules/@gatsbyjs/webpack-hot-middleware/process-update.js:125
[   29307ms] [LOG] [HMR] css reload %s http://localhost:8000/commons.css @ webpack-internal:///./node_modules/mini-css-extract-plugin/dist/hmr/hotModuleReplacement.js:212
[   29308ms] [LOG] [HMR] css reload %s http://localhost:8000/commons.css @ webpack-internal:///./node_modules/mini-css-extract-plugin/dist/hmr/hotModuleReplacement.js:212
[   29758ms] [LOG] [HMR] bundle 'develop' rebuilt in 185ms @ webpack-internal:///./node_modules/@gatsbyjs/webpack-hot-middleware/client.js:247
[   29773ms] [LOG] [HMR] bundle rebuilding @ webpack-internal:///./node_modules/@gatsbyjs/webpack-hot-middleware/client.js:238
[   29778ms] [LOG] [HMR] Updated modules: @ webpack-internal:///./node_modules/@gatsbyjs/webpack-hot-middleware/process-update.js:123
[   29778ms] [LOG] [HMR]  - ./.cache/blank.css @ webpack-internal:///./node_modules/@gatsbyjs/webpack-hot-middleware/process-update.js:125
[   29778ms] [LOG] [HMR]  - ./src/styles/global.css @ webpack-internal:///./node_modules/@gatsbyjs/webpack-hot-middleware/process-update.js:125
[   29830ms] [LOG] [HMR] css reload %s http://localhost:8000/commons.css @ webpack-internal:///./node_modules/mini-css-extract-plugin/dist/hmr/hotModuleReplacement.js:212
[   29831ms] [LOG] [HMR] css reload %s http://localhost:8000/commons.css @ webpack-internal:///./node_modules/mini-css-extract-plugin/dist/hmr/hotModuleReplacement.js:212
[   30323ms] [LOG] [HMR] bundle 'develop' rebuilt in 194ms @ webpack-internal:///./node_modules/@gatsbyjs/webpack-hot-middleware/client.js:247
[   30347ms] [LOG] [HMR] bundle rebuilding @ webpack-internal:///./node_modules/@gatsbyjs/webpack-hot-middleware/client.js:238
[   30391ms] [LOG] [HMR] Updated modules: @ webpack-internal:///./node_modules/@gatsbyjs/webpack-hot-middleware/process-update.js:123
[   30391ms] [LOG] [HMR]  - ./.cache/blank.css @ webpack-internal:///./node_modules/@gatsbyjs/webpack-hot-middleware/process-update.js:125
[   30391ms] [LOG] [HMR]  - ./src/styles/global.css @ webpack-internal:///./node_modules/@gatsbyjs/webpack-hot-middleware/process-update.js:125
[   30442ms] [LOG] [HMR] css reload %s http://localhost:8000/commons.css @ webpack-internal:///./node_modules/mini-css-extract-plugin/dist/hmr/hotModuleReplacement.js:212
[   30443ms] [LOG] [HMR] css reload %s http://localhost:8000/commons.css @ webpack-internal:///./node_modules/mini-css-extract-plugin/dist/hmr/hotModuleReplacement.js:212
[   30899ms] [LOG] [HMR] bundle 'develop' rebuilt in 195ms @ webpack-internal:///./node_modules/@gatsbyjs/webpack-hot-middleware/client.js:247
[   30917ms] [LOG] [HMR] bundle rebuilding @ webpack-internal:///./node_modules/@gatsbyjs/webpack-hot-middleware/client.js:238
[   30946ms] [LOG] [HMR] Updated modules: @ webpack-internal:///./node_modules/@gatsbyjs/webpack-hot-middleware/process-update.js:123
[   30946ms] [LOG] [HMR]  - ./.cache/blank.css @ webpack-internal:///./node_modules/@gatsbyjs/webpack-hot-middleware/process-update.js:125
[   30946ms] [LOG] [HMR]  - ./src/styles/global.css @ webpack-internal:///./node_modules/@gatsbyjs/webpack-hot-middleware/process-update.js:125
[   31004ms] [LOG] [HMR] css reload %s http://localhost:8000/commons.css @ webpack-internal:///./node_modules/mini-css-extract-plugin/dist/hmr/hotModuleReplacement.js:212
[   31006ms] [LOG] [HMR] css reload %s http://localhost:8000/commons.css @ webpack-internal:///./node_modules/mini-css-extract-plugin/dist/hmr/hotModuleReplacement.js:212
[   31464ms] [LOG] [HMR] bundle 'develop' rebuilt in 187ms @ webpack-internal:///./node_modules/@gatsbyjs/webpack-hot-middleware/client.js:247
[   31525ms] [LOG] [HMR] bundle rebuilding @ webpack-internal:///./node_modules/@gatsbyjs/webpack-hot-middleware/client.js:238
[   32033ms] [LOG] [HMR] bundle 'develop' rebuilt in 186ms @ webpack-internal:///./node_modules/@gatsbyjs/webpack-hot-middleware/client.js:247
[   32045ms] [LOG] [HMR] bundle rebuilding @ webpack-internal:///./node_modules/@gatsbyjs/webpack-hot-middleware/client.js:238
[   32072ms] [LOG] [HMR] Updated modules: @ webpack-internal:///./node_modules/@gatsbyjs/webpack-hot-middleware/process-update.js:123
[   32073ms] [LOG] [HMR]  - ./.cache/blank.css @ webpack-internal:///./node_modules/@gatsbyjs/webpack-hot-middleware/process-update.js:125
[   32073ms] [LOG] [HMR]  - ./src/styles/global.css @ webpack-internal:///./node_modules/@gatsbyjs/webpack-hot-middleware/process-update.js:125
[   32130ms] [LOG] [HMR] css reload %s http://localhost:8000/commons.css @ webpack-internal:///./node_modules/mini-css-extract-plugin/dist/hmr/hotModuleReplacement.js:212
[   32131ms] [LOG] [HMR] css reload %s http://localhost:8000/commons.css @ webpack-internal:///./node_modules/mini-css-extract-plugin/dist/hmr/hotModuleReplacement.js:212
[   32596ms] [LOG] [HMR] bundle 'develop' rebuilt in 197ms @ webpack-internal:///./node_modules/@gatsbyjs/webpack-hot-middleware/client.js:247
[   32642ms] [LOG] [HMR] bundle rebuilding @ webpack-internal:///./node_modules/@gatsbyjs/webpack-hot-middleware/client.js:238
[   33209ms] [LOG] [HMR] bundle 'develop' rebuilt in 226ms @ webpack-internal:///./node_modules/@gatsbyjs/webpack-hot-middleware/client.js:247
[   33258ms] [LOG] [HMR] bundle rebuilding @ webpack-internal:///./node_modules/@gatsbyjs/webpack-hot-middleware/client.js:238
[   33274ms] [LOG] [HMR] Updated modules: @ webpack-internal:///./node_modules/@gatsbyjs/webpack-hot-middleware/process-update.js:123
[   33274ms] [LOG] [HMR]  - ./.cache/blank.css @ webpack-internal:///./node_modules/@gatsbyjs/webpack-hot-middleware/process-update.js:125
[   33274ms] [LOG] [HMR]  - ./src/styles/global.css @ webpack-internal:///./node_modules/@gatsbyjs/webpack-hot-middleware/process-update.js:125
[   33333ms] [LOG] [HMR] css reload %s http://localhost:8000/commons.css @ webpack-internal:///./node_modules/mini-css-extract-plugin/dist/hmr/hotModuleReplacement.js:212
[   33334ms] [LOG] [HMR] css reload %s http://localhost:8000/commons.css @ webpack-internal:///./node_modules/mini-css-extract-plugin/dist/hmr/hotModuleReplacement.js:212
[   33907ms] [LOG] [HMR] bundle 'develop' rebuilt in 275ms @ webpack-internal:///./node_modules/@gatsbyjs/webpack-hot-middleware/client.js:247
[   33926ms] [LOG] [HMR] bundle rebuilding @ webpack-internal:///./node_modules/@gatsbyjs/webpack-hot-middleware/client.js:238
[   34484ms] [LOG] [HMR] bundle 'develop' rebuilt in 206ms @ webpack-internal:///./node_modules/@gatsbyjs/webpack-hot-middleware/client.js:247
[   34509ms] [LOG] [HMR] bundle rebuilding @ webpack-internal:///./node_modules/@gatsbyjs/webpack-hot-middleware/client.js:238
[   34538ms] [LOG] [HMR] Updated modules: @ webpack-internal:///./node_modules/@gatsbyjs/webpack-hot-middleware/process-update.js:123
[   34539ms] [LOG] [HMR]  - ./.cache/blank.css @ webpack-internal:///./node_modules/@gatsbyjs/webpack-hot-middleware/process-update.js:125
[   34539ms] [LOG] [HMR]  - ./src/styles/global.css @ webpack-internal:///./node_modules/@gatsbyjs/webpack-hot-middleware/process-update.js:125
[   34589ms] [LOG] [HMR] css reload %s http://localhost:8000/commons.css @ webpack-internal:///./node_modules/mini-css-extract-plugin/dist/hmr/hotModuleReplacement.js:212
[   34590ms] [LOG] [HMR] css reload %s http://localhost:8000/commons.css @ webpack-internal:///./node_modules/mini-css-extract-plugin/dist/hmr/hotModuleReplacement.js:212
[   35047ms] [LOG] [HMR] bundle 'develop' rebuilt in 183ms @ webpack-internal:///./node_modules/@gatsbyjs/webpack-hot-middleware/client.js:247
[   35063ms] [LOG] [HMR] bundle rebuilding @ webpack-internal:///./node_modules/@gatsbyjs/webpack-hot-middleware/client.js:238
[   35093ms] [LOG] [HMR] Updated modules: @ webpack-internal:///./node_modules/@gatsbyjs/webpack-hot-middleware/process-update.js:123
[   35093ms] [LOG] [HMR]  - ./.cache/blank.css @ webpack-internal:///./node_modules/@gatsbyjs/webpack-hot-middleware/process-update.js:125
[   35093ms] [LOG] [HMR]  - ./src/styles/global.css @ webpack-internal:///./node_modules/@gatsbyjs/webpack-hot-middleware/process-update.js:125
[   35149ms] [LOG] [HMR] css reload %s http://localhost:8000/commons.css @ webpack-internal:///./node_modules/mini-css-extract-plugin/dist/hmr/hotModuleReplacement.js:212
[   35150ms] [LOG] [HMR] css reload %s http://localhost:8000/commons.css @ webpack-internal:///./node_modules/mini-css-extract-plugin/dist/hmr/hotModuleReplacement.js:212
[   35662ms] [LOG] [HMR] bundle 'develop' rebuilt in 236ms @ webpack-internal:///./node_modules/@gatsbyjs/webpack-hot-middleware/client.js:247
[   35722ms] [LOG] [HMR] bundle rebuilding @ webpack-internal:///./node_modules/@gatsbyjs/webpack-hot-middleware/client.js:238
[   36249ms] [LOG] [HMR] bundle 'develop' rebuilt in 192ms @ webpack-internal:///./node_modules/@gatsbyjs/webpack-hot-middleware/client.js:247
[   36260ms] [LOG] [HMR] bundle rebuilding @ webpack-internal:///./node_modules/@gatsbyjs/webpack-hot-middleware/client.js:238
[   36281ms] [LOG] [HMR] Updated modules: @ webpack-internal:///./node_modules/@gatsbyjs/webpack-hot-middleware/process-update.js:123
[   36281ms] [LOG] [HMR]  - ./.cache/blank.css @ webpack-internal:///./node_modules/@gatsbyjs/webpack-hot-middleware/process-update.js:125
[   36281ms] [LOG] [HMR]  - ./src/styles/global.css @ webpack-internal:///./node_modules/@gatsbyjs/webpack-hot-middleware/process-update.js:125
[   36332ms] [LOG] [HMR] css reload %s http://localhost:8000/commons.css @ webpack-internal:///./node_modules/mini-css-extract-plugin/dist/hmr/hotModuleReplacement.js:212
[   36333ms] [LOG] [HMR] css reload %s http://localhost:8000/commons.css @ webpack-internal:///./node_modules/mini-css-extract-plugin/dist/hmr/hotModuleReplacement.js:212
[   36853ms] [LOG] [HMR] bundle 'develop' rebuilt in 238ms @ webpack-internal:///./node_modules/@gatsbyjs/webpack-hot-middleware/client.js:247
[   36874ms] [LOG] [HMR] bundle rebuilding @ webpack-internal:///./node_modules/@gatsbyjs/webpack-hot-middleware/client.js:238
[   36895ms] [LOG] [HMR] Updated modules: @ webpack-internal:///./node_modules/@gatsbyjs/webpack-hot-middleware/process-update.js:123
[   36895ms] [LOG] [HMR]  - ./.cache/blank.css @ webpack-internal:///./node_modules/@gatsbyjs/webpack-hot-middleware/process-update.js:125
[   36895ms] [LOG] [HMR]  - ./src/styles/global.css @ webpack-internal:///./node_modules/@gatsbyjs/webpack-hot-middleware/process-update.js:125
[   36953ms] [LOG] [HMR] css reload %s http://localhost:8000/commons.css @ webpack-internal:///./node_modules/mini-css-extract-plugin/dist/hmr/hotModuleReplacement.js:212
[   36953ms] [LOG] [HMR] css reload %s http://localhost:8000/commons.css @ webpack-internal:///./node_modules/mini-css-extract-plugin/dist/hmr/hotModuleReplacement.js:212
[   37442ms] [LOG] [HMR] bundle 'develop' rebuilt in 200ms @ webpack-internal:///./node_modules/@gatsbyjs/webpack-hot-middleware/client.js:247
[   37465ms] [LOG] [HMR] bundle rebuilding @ webpack-internal:///./node_modules/@gatsbyjs/webpack-hot-middleware/client.js:238
[   38027ms] [LOG] [HMR] bundle 'develop' rebuilt in 200ms @ webpack-internal:///./node_modules/@gatsbyjs/webpack-hot-middleware/client.js:247
[   38053ms] [LOG] [HMR] bundle rebuilding @ webpack-internal:///./node_modules/@gatsbyjs/webpack-hot-middleware/client.js:238
[   38079ms] [LOG] [HMR] Updated modules: @ webpack-internal:///./node_modules/@gatsbyjs/webpack-hot-middleware/process-update.js:123
[   38079ms] [LOG] [HMR]  - ./.cache/blank.css @ webpack-internal:///./node_modules/@gatsbyjs/webpack-hot-middleware/process-update.js:125
[   38079ms] [LOG] [HMR]  - ./src/styles/global.css @ webpack-internal:///./node_modules/@gatsbyjs/webpack-hot-middleware/process-update.js:125
[   38131ms] [LOG] [HMR] css reload %s http://localhost:8000/commons.css @ webpack-internal:///./node_modules/mini-css-extract-plugin/dist/hmr/hotModuleReplacement.js:212
[   38131ms] [LOG] [HMR] css reload %s http://localhost:8000/commons.css @ webpack-internal:///./node_modules/mini-css-extract-plugin/dist/hmr/hotModuleReplacement.js:212
