[     408ms] [INFO] %cDownload the React DevTools for a better development experience: https://reactjs.org/link/react-devtools font-weight:bold @ webpack-internal:///./node_modules/react-dom/cjs/react-dom.development.js:29890
[     505ms] [LOG] [HMR] connected @ webpack-internal:///./node_modules/@gatsbyjs/webpack-hot-middleware/client.js:92
[    1280ms] [LOG] [HMR] bundle 'develop' rebuilt in 413ms @ webpack-internal:///./node_modules/@gatsbyjs/webpack-hot-middleware/client.js:247
[    1281ms] [LOG] %c
/home/eduapaul/repos/eduardpaul.github.io/src/components/ui/AnimatedSection.js
  1:17  warning  'useMemo' is defined but never used  no-unused-vars

✖ 1 problem (0 errors, 1 warning)
 color: #999933; @ webpack-internal:///./node_modules/@gatsbyjs/webpack-hot-middleware/client.js:193
[    1282ms] [LOG] [HMR] Checking for updates on the server... @ webpack-internal:///./node_modules/@gatsbyjs/webpack-hot-middleware/process-update.js:49
[    1304ms] [LOG] [HMR] bundle rebuilding @ webpack-internal:///./node_modules/@gatsbyjs/webpack-hot-middleware/client.js:238
[    1928ms] [LOG] [HMR] bundle 'develop' rebuilt in 239ms @ webpack-internal:///./node_modules/@gatsbyjs/webpack-hot-middleware/client.js:247
[    1947ms] [LOG] [HMR] bundle rebuilding @ webpack-internal:///./node_modules/@gatsbyjs/webpack-hot-middleware/client.js:238
[    2503ms] [LOG] [HMR] bundle 'develop' rebuilt in 202ms @ webpack-internal:///./node_modules/@gatsbyjs/webpack-hot-middleware/client.js:247
[    2531ms] [LOG] [HMR] bundle rebuilding @ webpack-internal:///./node_modules/@gatsbyjs/webpack-hot-middleware/client.js:238
[    2536ms] [LOG] [HMR] Updated modules: @ webpack-internal:///./node_modules/@gatsbyjs/webpack-hot-middleware/process-update.js:123
[    2536ms] [LOG] [HMR]  - ./.cache/blank.css @ webpack-internal:///./node_modules/@gatsbyjs/webpack-hot-middleware/process-update.js:125
[    2536ms] [LOG] [HMR]  - ./src/styles/global.css @ webpack-internal:///./node_modules/@gatsbyjs/webpack-hot-middleware/process-update.js:125
[    2586ms] [LOG] [HMR] css reload %s http://localhost:8000/commons.css @ webpack-internal:///./node_modules/mini-css-extract-plugin/dist/hmr/hotModuleReplacement.js:212
[    2586ms] [LOG] [HMR] css reload %s http://localhost:8000/commons.css @ webpack-internal:///./node_modules/mini-css-extract-plugin/dist/hmr/hotModuleReplacement.js:212
[    3075ms] [LOG] [HMR] bundle 'develop' rebuilt in 210ms @ webpack-internal:///./node_modules/@gatsbyjs/webpack-hot-middleware/client.js:247
[    3110ms] [LOG] [HMR] bundle rebuilding @ webpack-internal:///./node_modules/@gatsbyjs/webpack-hot-middleware/client.js:238
[    3669ms] [LOG] [HMR] bundle 'develop' rebuilt in 221ms @ webpack-internal:///./node_modules/@gatsbyjs/webpack-hot-middleware/client.js:247
[    3701ms] [LOG] [HMR] Updated modules: @ webpack-internal:///./node_modules/@gatsbyjs/webpack-hot-middleware/process-update.js:123
[    3701ms] [LOG] [HMR]  - ./.cache/blank.css @ webpack-internal:///./node_modules/@gatsbyjs/webpack-hot-middleware/process-update.js:125
[    3701ms] [LOG] [HMR]  - ./src/styles/global.css @ webpack-internal:///./node_modules/@gatsbyjs/webpack-hot-middleware/process-update.js:125
[    3701ms] [LOG] [HMR] bundle rebuilding @ webpack-internal:///./node_modules/@gatsbyjs/webpack-hot-middleware/client.js:238
[    3751ms] [LOG] [HMR] css reload %s http://localhost:8000/commons.css @ webpack-internal:///./node_modules/mini-css-extract-plugin/dist/hmr/hotModuleReplacement.js:212
[    3752ms] [LOG] [HMR] css reload %s http://localhost:8000/commons.css @ webpack-internal:///./node_modules/mini-css-extract-plugin/dist/hmr/hotModuleReplacement.js:212
[    4279ms] [LOG] [HMR] bundle 'develop' rebuilt in 224ms @ webpack-internal:///./node_modules/@gatsbyjs/webpack-hot-middleware/client.js:247
[    4294ms] [LOG] [HMR] bundle rebuilding @ webpack-internal:///./node_modules/@gatsbyjs/webpack-hot-middleware/client.js:238
[    4298ms] [LOG] [HMR] Updated modules: @ webpack-internal:///./node_modules/@gatsbyjs/webpack-hot-middleware/process-update.js:123
[    4298ms] [LOG] [HMR]  - ./.cache/blank.css @ webpack-internal:///./node_modules/@gatsbyjs/webpack-hot-middleware/process-update.js:125
[    4298ms] [LOG] [HMR]  - ./src/styles/global.css @ webpack-internal:///./node_modules/@gatsbyjs/webpack-hot-middleware/process-update.js:125
[    4348ms] [LOG] [HMR] css reload %s http://localhost:8000/commons.css @ webpack-internal:///./node_modules/mini-css-extract-plugin/dist/hmr/hotModuleReplacement.js:212
[    4348ms] [LOG] [HMR] css reload %s http://localhost:8000/commons.css @ webpack-internal:///./node_modules/mini-css-extract-plugin/dist/hmr/hotModuleReplacement.js:212
[    4899ms] [LOG] [HMR] bundle 'develop' rebuilt in 233ms @ webpack-internal:///./node_modules/@gatsbyjs/webpack-hot-middleware/client.js:247
[    4914ms] [LOG] [HMR] bundle rebuilding @ webpack-internal:///./node_modules/@gatsbyjs/webpack-hot-middleware/client.js:238
[    4926ms] [LOG] [HMR] Updated modules: @ webpack-internal:///./node_modules/@gatsbyjs/webpack-hot-middleware/process-update.js:123
[    4926ms] [LOG] [HMR]  - ./.cache/blank.css @ webpack-internal:///./node_modules/@gatsbyjs/webpack-hot-middleware/process-update.js:125
[    4926ms] [LOG] [HMR]  - ./src/styles/global.css @ webpack-internal:///./node_modules/@gatsbyjs/webpack-hot-middleware/process-update.js:125
[    4976ms] [LOG] [HMR] css reload %s http://localhost:8000/commons.css @ webpack-internal:///./node_modules/mini-css-extract-plugin/dist/hmr/hotModuleReplacement.js:212
[    4976ms] [LOG] [HMR] css reload %s http://localhost:8000/commons.css @ webpack-internal:///./node_modules/mini-css-extract-plugin/dist/hmr/hotModuleReplacement.js:212
[    5464ms] [LOG] [HMR] bundle 'develop' rebuilt in 199ms @ webpack-internal:///./node_modules/@gatsbyjs/webpack-hot-middleware/client.js:247
[    5482ms] [LOG] [HMR] bundle rebuilding @ webpack-internal:///./node_modules/@gatsbyjs/webpack-hot-middleware/client.js:238
[    5498ms] [LOG] [HMR] Updated modules: @ webpack-internal:///./node_modules/@gatsbyjs/webpack-hot-middleware/process-update.js:123
[    5498ms] [LOG] [HMR]  - ./.cache/blank.css @ webpack-internal:///./node_modules/@gatsbyjs/webpack-hot-middleware/process-update.js:125
[    5498ms] [LOG] [HMR]  - ./src/styles/global.css @ webpack-internal:///./node_modules/@gatsbyjs/webpack-hot-middleware/process-update.js:125
[    5548ms] [LOG] [HMR] css reload %s http://localhost:8000/commons.css @ webpack-internal:///./node_modules/mini-css-extract-plugin/dist/hmr/hotModuleReplacement.js:212
[    5549ms] [LOG] [HMR] css reload %s http://localhost:8000/commons.css @ webpack-internal:///./node_modules/mini-css-extract-plugin/dist/hmr/hotModuleReplacement.js:212
[    6113ms] [LOG] [HMR] bundle 'develop' rebuilt in 253ms @ webpack-internal:///./node_modules/@gatsbyjs/webpack-hot-middleware/client.js:247
[    6134ms] [LOG] [HMR] bundle rebuilding @ webpack-internal:///./node_modules/@gatsbyjs/webpack-hot-middleware/client.js:238
[    6156ms] [LOG] [HMR] Updated modules: @ webpack-internal:///./node_modules/@gatsbyjs/webpack-hot-middleware/process-update.js:123
[    6156ms] [LOG] [HMR]  - ./.cache/blank.css @ webpack-internal:///./node_modules/@gatsbyjs/webpack-hot-middleware/process-update.js:125
[    6156ms] [LOG] [HMR]  - ./src/styles/global.css @ webpack-internal:///./node_modules/@gatsbyjs/webpack-hot-middleware/process-update.js:125
[    6207ms] [LOG] [HMR] css reload %s http://localhost:8000/commons.css @ webpack-internal:///./node_modules/mini-css-extract-plugin/dist/hmr/hotModuleReplacement.js:212
[    6207ms] [LOG] [HMR] css reload %s http://localhost:8000/commons.css @ webpack-internal:///./node_modules/mini-css-extract-plugin/dist/hmr/hotModuleReplacement.js:212
[    6847ms] [LOG] [HMR] bundle 'develop' rebuilt in 325ms @ webpack-internal:///./node_modules/@gatsbyjs/webpack-hot-middleware/client.js:247
[    6864ms] [LOG] [HMR] bundle rebuilding @ webpack-internal:///./node_modules/@gatsbyjs/webpack-hot-middleware/client.js:238
[    6869ms] [LOG] [HMR] Updated modules: @ webpack-internal:///./node_modules/@gatsbyjs/webpack-hot-middleware/process-update.js:123
[    6869ms] [LOG] [HMR]  - ./.cache/blank.css @ webpack-internal:///./node_modules/@gatsbyjs/webpack-hot-middleware/process-update.js:125
[    6869ms] [LOG] [HMR]  - ./src/styles/global.css @ webpack-internal:///./node_modules/@gatsbyjs/webpack-hot-middleware/process-update.js:125
[    6919ms] [LOG] [HMR] css reload %s http://localhost:8000/commons.css @ webpack-internal:///./node_modules/mini-css-extract-plugin/dist/hmr/hotModuleReplacement.js:212
[    6919ms] [LOG] [HMR] css reload %s http://localhost:8000/commons.css @ webpack-internal:///./node_modules/mini-css-extract-plugin/dist/hmr/hotModuleReplacement.js:212
[    7479ms] [LOG] [HMR] bundle 'develop' rebuilt in 250ms @ webpack-internal:///./node_modules/@gatsbyjs/webpack-hot-middleware/client.js:247
[    7507ms] [LOG] [HMR] bundle rebuilding @ webpack-internal:///./node_modules/@gatsbyjs/webpack-hot-middleware/client.js:238
[    7516ms] [LOG] [HMR] Updated modules: @ webpack-internal:///./node_modules/@gatsbyjs/webpack-hot-middleware/process-update.js:123
[    7516ms] [LOG] [HMR]  - ./.cache/blank.css @ webpack-internal:///./node_modules/@gatsbyjs/webpack-hot-middleware/process-update.js:125
[    7516ms] [LOG] [HMR]  - ./src/styles/global.css @ webpack-internal:///./node_modules/@gatsbyjs/webpack-hot-middleware/process-update.js:125
[    7566ms] [LOG] [HMR] css reload %s http://localhost:8000/commons.css @ webpack-internal:///./node_modules/mini-css-extract-plugin/dist/hmr/hotModuleReplacement.js:212
[    7567ms] [LOG] [HMR] css reload %s http://localhost:8000/commons.css @ webpack-internal:///./node_modules/mini-css-extract-plugin/dist/hmr/hotModuleReplacement.js:212
[    8098ms] [LOG] [HMR] bundle 'develop' rebuilt in 233ms @ webpack-internal:///./node_modules/@gatsbyjs/webpack-hot-middleware/client.js:247
[    8132ms] [LOG] [HMR] bundle rebuilding @ webpack-internal:///./node_modules/@gatsbyjs/webpack-hot-middleware/client.js:238
[    8156ms] [LOG] [HMR] Updated modules: @ webpack-internal:///./node_modules/@gatsbyjs/webpack-hot-middleware/process-update.js:123
[    8156ms] [LOG] [HMR]  - ./.cache/blank.css @ webpack-internal:///./node_modules/@gatsbyjs/webpack-hot-middleware/process-update.js:125
[    8156ms] [LOG] [HMR]  - ./src/styles/global.css @ webpack-internal:///./node_modules/@gatsbyjs/webpack-hot-middleware/process-update.js:125
[    8206ms] [LOG] [HMR] css reload %s http://localhost:8000/commons.css @ webpack-internal:///./node_modules/mini-css-extract-plugin/dist/hmr/hotModuleReplacement.js:212
[    8207ms] [LOG] [HMR] css reload %s http://localhost:8000/commons.css @ webpack-internal:///./node_modules/mini-css-extract-plugin/dist/hmr/hotModuleReplacement.js:212
[    8766ms] [LOG] [HMR] bundle 'develop' rebuilt in 253ms @ webpack-internal:///./node_modules/@gatsbyjs/webpack-hot-middleware/client.js:247
[    8807ms] [LOG] [HMR] bundle rebuilding @ webpack-internal:///./node_modules/@gatsbyjs/webpack-hot-middleware/client.js:238
[    8809ms] [LOG] [HMR] Updated modules: @ webpack-internal:///./node_modules/@gatsbyjs/webpack-hot-middleware/process-update.js:123
[    8809ms] [LOG] [HMR]  - ./.cache/blank.css @ webpack-internal:///./node_modules/@gatsbyjs/webpack-hot-middleware/process-update.js:125
[    8809ms] [LOG] [HMR]  - ./src/styles/global.css @ webpack-internal:///./node_modules/@gatsbyjs/webpack-hot-middleware/process-update.js:125
[    8859ms] [LOG] [HMR] css reload %s http://localhost:8000/commons.css @ webpack-internal:///./node_modules/mini-css-extract-plugin/dist/hmr/hotModuleReplacement.js:212
[    8859ms] [LOG] [HMR] css reload %s http://localhost:8000/commons.css @ webpack-internal:///./node_modules/mini-css-extract-plugin/dist/hmr/hotModuleReplacement.js:212
[    9516ms] [LOG] [HMR] bundle 'develop' rebuilt in 324ms @ webpack-internal:///./node_modules/@gatsbyjs/webpack-hot-middleware/client.js:247
[    9539ms] [LOG] [HMR] bundle rebuilding @ webpack-internal:///./node_modules/@gatsbyjs/webpack-hot-middleware/client.js:238
[    9541ms] [LOG] [HMR] Updated modules: @ webpack-internal:///./node_modules/@gatsbyjs/webpack-hot-middleware/process-update.js:123
[    9541ms] [LOG] [HMR]  - ./.cache/blank.css @ webpack-internal:///./node_modules/@gatsbyjs/webpack-hot-middleware/process-update.js:125
[    9541ms] [LOG] [HMR]  - ./src/styles/global.css @ webpack-internal:///./node_modules/@gatsbyjs/webpack-hot-middleware/process-update.js:125
[    9591ms] [LOG] [HMR] css reload %s http://localhost:8000/commons.css @ webpack-internal:///./node_modules/mini-css-extract-plugin/dist/hmr/hotModuleReplacement.js:212
[    9591ms] [LOG] [HMR] css reload %s http://localhost:8000/commons.css @ webpack-internal:///./node_modules/mini-css-extract-plugin/dist/hmr/hotModuleReplacement.js:212
[   10169ms] [LOG] [HMR] bundle 'develop' rebuilt in 267ms @ webpack-internal:///./node_modules/@gatsbyjs/webpack-hot-middleware/client.js:247
[   10186ms] [LOG] [HMR] bundle rebuilding @ webpack-internal:///./node_modules/@gatsbyjs/webpack-hot-middleware/client.js:238
[   10201ms] [LOG] [HMR] Updated modules: @ webpack-internal:///./node_modules/@gatsbyjs/webpack-hot-middleware/process-update.js:123
[   10201ms] [LOG] [HMR]  - ./.cache/blank.css @ webpack-internal:///./node_modules/@gatsbyjs/webpack-hot-middleware/process-update.js:125
[   10201ms] [LOG] [HMR]  - ./src/styles/global.css @ webpack-internal:///./node_modules/@gatsbyjs/webpack-hot-middleware/process-update.js:125
[   10251ms] [LOG] [HMR] css reload %s http://localhost:8000/commons.css @ webpack-internal:///./node_modules/mini-css-extract-plugin/dist/hmr/hotModuleReplacement.js:212
[   10252ms] [LOG] [HMR] css reload %s http://localhost:8000/commons.css @ webpack-internal:///./node_modules/mini-css-extract-plugin/dist/hmr/hotModuleReplacement.js:212
[   10793ms] [LOG] [HMR] bundle 'develop' rebuilt in 243ms @ webpack-internal:///./node_modules/@gatsbyjs/webpack-hot-middleware/client.js:247
[   10817ms] [LOG] [HMR] bundle rebuilding @ webpack-internal:///./node_modules/@gatsbyjs/webpack-hot-middleware/client.js:238
[   10831ms] [LOG] [HMR] Updated modules: @ webpack-internal:///./node_modules/@gatsbyjs/webpack-hot-middleware/process-update.js:123
[   10831ms] [LOG] [HMR]  - ./.cache/blank.css @ webpack-internal:///./node_modules/@gatsbyjs/webpack-hot-middleware/process-update.js:125
[   10832ms] [LOG] [HMR]  - ./src/styles/global.css @ webpack-internal:///./node_modules/@gatsbyjs/webpack-hot-middleware/process-update.js:125
[   10882ms] [LOG] [HMR] css reload %s http://localhost:8000/commons.css @ webpack-internal:///./node_modules/mini-css-extract-plugin/dist/hmr/hotModuleReplacement.js:212
[   10883ms] [LOG] [HMR] css reload %s http://localhost:8000/commons.css @ webpack-internal:///./node_modules/mini-css-extract-plugin/dist/hmr/hotModuleReplacement.js:212
[   11420ms] [LOG] [HMR] bundle 'develop' rebuilt in 245ms @ webpack-internal:///./node_modules/@gatsbyjs/webpack-hot-middleware/client.js:247
[   11438ms] [LOG] [HMR] bundle rebuilding @ webpack-internal:///./node_modules/@gatsbyjs/webpack-hot-middleware/client.js:238
[   11448ms] [LOG] [HMR] Updated modules: @ webpack-internal:///./node_modules/@gatsbyjs/webpack-hot-middleware/process-update.js:123
[   11448ms] [LOG] [HMR]  - ./.cache/blank.css @ webpack-internal:///./node_modules/@gatsbyjs/webpack-hot-middleware/process-update.js:125
[   11448ms] [LOG] [HMR]  - ./src/styles/global.css @ webpack-internal:///./node_modules/@gatsbyjs/webpack-hot-middleware/process-update.js:125
[   11498ms] [LOG] [HMR] css reload %s http://localhost:8000/commons.css @ webpack-internal:///./node_modules/mini-css-extract-plugin/dist/hmr/hotModuleReplacement.js:212
[   11499ms] [LOG] [HMR] css reload %s http://localhost:8000/commons.css @ webpack-internal:///./node_modules/mini-css-extract-plugin/dist/hmr/hotModuleReplacement.js:212
[   12001ms] [LOG] [HMR] bundle 'develop' rebuilt in 205ms @ webpack-internal:///./node_modules/@gatsbyjs/webpack-hot-middleware/client.js:247
[   12016ms] [LOG] [HMR] bundle rebuilding @ webpack-internal:///./node_modules/@gatsbyjs/webpack-hot-middleware/client.js:238
[   12025ms] [LOG] [HMR] Updated modules: @ webpack-internal:///./node_modules/@gatsbyjs/webpack-hot-middleware/process-update.js:123
[   12025ms] [LOG] [HMR]  - ./.cache/blank.css @ webpack-internal:///./node_modules/@gatsbyjs/webpack-hot-middleware/process-update.js:125
[   12025ms] [LOG] [HMR]  - ./src/styles/global.css @ webpack-internal:///./node_modules/@gatsbyjs/webpack-hot-middleware/process-update.js:125
[   12076ms] [LOG] [HMR] css reload %s http://localhost:8000/commons.css @ webpack-internal:///./node_modules/mini-css-extract-plugin/dist/hmr/hotModuleReplacement.js:212
[   12076ms] [LOG] [HMR] css reload %s http://localhost:8000/commons.css @ webpack-internal:///./node_modules/mini-css-extract-plugin/dist/hmr/hotModuleReplacement.js:212
[   12585ms] [LOG] [HMR] bundle 'develop' rebuilt in 205ms @ webpack-internal:///./node_modules/@gatsbyjs/webpack-hot-middleware/client.js:247
[   12598ms] [LOG] [HMR] bundle rebuilding @ webpack-internal:///./node_modules/@gatsbyjs/webpack-hot-middleware/client.js:238
[   12610ms] [LOG] [HMR] Updated modules: @ webpack-internal:///./node_modules/@gatsbyjs/webpack-hot-middleware/process-update.js:123
[   12611ms] [LOG] [HMR]  - ./.cache/blank.css @ webpack-internal:///./node_modules/@gatsbyjs/webpack-hot-middleware/process-update.js:125
[   12611ms] [LOG] [HMR]  - ./src/styles/global.css @ webpack-internal:///./node_modules/@gatsbyjs/webpack-hot-middleware/process-update.js:125
[   12661ms] [LOG] [HMR] css reload %s http://localhost:8000/commons.css @ webpack-internal:///./node_modules/mini-css-extract-plugin/dist/hmr/hotModuleReplacement.js:212
[   12661ms] [LOG] [HMR] css reload %s http://localhost:8000/commons.css @ webpack-internal:///./node_modules/mini-css-extract-plugin/dist/hmr/hotModuleReplacement.js:212
[   13134ms] [LOG] [HMR] bundle 'develop' rebuilt in 186ms @ webpack-internal:///./node_modules/@gatsbyjs/webpack-hot-middleware/client.js:247
[   13154ms] [LOG] [HMR] bundle rebuilding @ webpack-internal:///./node_modules/@gatsbyjs/webpack-hot-middleware/client.js:238
[   13165ms] [LOG] [HMR] Updated modules: @ webpack-internal:///./node_modules/@gatsbyjs/webpack-hot-middleware/process-update.js:123
[   13165ms] [LOG] [HMR]  - ./.cache/blank.css @ webpack-internal:///./node_modules/@gatsbyjs/webpack-hot-middleware/process-update.js:125
[   13165ms] [LOG] [HMR]  - ./src/styles/global.css @ webpack-internal:///./node_modules/@gatsbyjs/webpack-hot-middleware/process-update.js:125
[   13215ms] [LOG] [HMR] css reload %s http://localhost:8000/commons.css @ webpack-internal:///./node_modules/mini-css-extract-plugin/dist/hmr/hotModuleReplacement.js:212
[   13216ms] [LOG] [HMR] css reload %s http://localhost:8000/commons.css @ webpack-internal:///./node_modules/mini-css-extract-plugin/dist/hmr/hotModuleReplacement.js:212
[   13691ms] [LOG] [HMR] bundle 'develop' rebuilt in 188ms @ webpack-internal:///./node_modules/@gatsbyjs/webpack-hot-middleware/client.js:247
[   13709ms] [LOG] [HMR] bundle rebuilding @ webpack-internal:///./node_modules/@gatsbyjs/webpack-hot-middleware/client.js:238
[   13720ms] [LOG] [HMR] Updated modules: @ webpack-internal:///./node_modules/@gatsbyjs/webpack-hot-middleware/process-update.js:123
[   13720ms] [LOG] [HMR]  - ./.cache/blank.css @ webpack-internal:///./node_modules/@gatsbyjs/webpack-hot-middleware/process-update.js:125
[   13720ms] [LOG] [HMR]  - ./src/styles/global.css @ webpack-internal:///./node_modules/@gatsbyjs/webpack-hot-middleware/process-update.js:125
[   13771ms] [LOG] [HMR] css reload %s http://localhost:8000/commons.css @ webpack-internal:///./node_modules/mini-css-extract-plugin/dist/hmr/hotModuleReplacement.js:212
[   13771ms] [LOG] [HMR] css reload %s http://localhost:8000/commons.css @ webpack-internal:///./node_modules/mini-css-extract-plugin/dist/hmr/hotModuleReplacement.js:212
[   14300ms] [LOG] [HMR] bundle 'develop' rebuilt in 228ms @ webpack-internal:///./node_modules/@gatsbyjs/webpack-hot-middleware/client.js:247
[   14316ms] [LOG] [HMR] bundle rebuilding @ webpack-internal:///./node_modules/@gatsbyjs/webpack-hot-middleware/client.js:238
[   14325ms] [LOG] [HMR] Updated modules: @ webpack-internal:///./node_modules/@gatsbyjs/webpack-hot-middleware/process-update.js:123
[   14325ms] [LOG] [HMR]  - ./.cache/blank.css @ webpack-internal:///./node_modules/@gatsbyjs/webpack-hot-middleware/process-update.js:125
[   14325ms] [LOG] [HMR]  - ./src/styles/global.css @ webpack-internal:///./node_modules/@gatsbyjs/webpack-hot-middleware/process-update.js:125
[   14377ms] [LOG] [HMR] css reload %s http://localhost:8000/commons.css @ webpack-internal:///./node_modules/mini-css-extract-plugin/dist/hmr/hotModuleReplacement.js:212
[   14378ms] [LOG] [HMR] css reload %s http://localhost:8000/commons.css @ webpack-internal:///./node_modules/mini-css-extract-plugin/dist/hmr/hotModuleReplacement.js:212
[   14843ms] [LOG] [HMR] bundle 'develop' rebuilt in 181ms @ webpack-internal:///./node_modules/@gatsbyjs/webpack-hot-middleware/client.js:247
[   14855ms] [LOG] [HMR] bundle rebuilding @ webpack-internal:///./node_modules/@gatsbyjs/webpack-hot-middleware/client.js:238
[   14865ms] [LOG] [HMR] Updated modules: @ webpack-internal:///./node_modules/@gatsbyjs/webpack-hot-middleware/process-update.js:123
[   14865ms] [LOG] [HMR]  - ./.cache/blank.css @ webpack-internal:///./node_modules/@gatsbyjs/webpack-hot-middleware/process-update.js:125
[   14865ms] [LOG] [HMR]  - ./src/styles/global.css @ webpack-internal:///./node_modules/@gatsbyjs/webpack-hot-middleware/process-update.js:125
[   14915ms] [LOG] [HMR] css reload %s http://localhost:8000/commons.css @ webpack-internal:///./node_modules/mini-css-extract-plugin/dist/hmr/hotModuleReplacement.js:212
[   14915ms] [LOG] [HMR] css reload %s http://localhost:8000/commons.css @ webpack-internal:///./node_modules/mini-css-extract-plugin/dist/hmr/hotModuleReplacement.js:212
[   15403ms] [LOG] [HMR] bundle 'develop' rebuilt in 195ms @ webpack-internal:///./node_modules/@gatsbyjs/webpack-hot-middleware/client.js:247
[   15425ms] [LOG] [HMR] bundle rebuilding @ webpack-internal:///./node_modules/@gatsbyjs/webpack-hot-middleware/client.js:238
[   15438ms] [LOG] [HMR] Updated modules: @ webpack-internal:///./node_modules/@gatsbyjs/webpack-hot-middleware/process-update.js:123
[   15438ms] [LOG] [HMR]  - ./.cache/blank.css @ webpack-internal:///./node_modules/@gatsbyjs/webpack-hot-middleware/process-update.js:125
[   15438ms] [LOG] [HMR]  - ./src/styles/global.css @ webpack-internal:///./node_modules/@gatsbyjs/webpack-hot-middleware/process-update.js:125
[   15488ms] [LOG] [HMR] css reload %s http://localhost:8000/commons.css @ webpack-internal:///./node_modules/mini-css-extract-plugin/dist/hmr/hotModuleReplacement.js:212
[   15488ms] [LOG] [HMR] css reload %s http://localhost:8000/commons.css @ webpack-internal:///./node_modules/mini-css-extract-plugin/dist/hmr/hotModuleReplacement.js:212
[   15973ms] [LOG] [HMR] bundle 'develop' rebuilt in 200ms @ webpack-internal:///./node_modules/@gatsbyjs/webpack-hot-middleware/client.js:247
[   15996ms] [LOG] [HMR] bundle rebuilding @ webpack-internal:///./node_modules/@gatsbyjs/webpack-hot-middleware/client.js:238
[   15997ms] [LOG] [HMR] Updated modules: @ webpack-internal:///./node_modules/@gatsbyjs/webpack-hot-middleware/process-update.js:123
[   15997ms] [LOG] [HMR]  - ./.cache/blank.css @ webpack-internal:///./node_modules/@gatsbyjs/webpack-hot-middleware/process-update.js:125
[   15997ms] [LOG] [HMR]  - ./src/styles/global.css @ webpack-internal:///./node_modules/@gatsbyjs/webpack-hot-middleware/process-update.js:125
[   16048ms] [LOG] [HMR] css reload %s http://localhost:8000/commons.css @ webpack-internal:///./node_modules/mini-css-extract-plugin/dist/hmr/hotModuleReplacement.js:212
[   16048ms] [LOG] [HMR] css reload %s http://localhost:8000/commons.css @ webpack-internal:///./node_modules/mini-css-extract-plugin/dist/hmr/hotModuleReplacement.js:212
[   16603ms] [LOG] [HMR] bundle 'develop' rebuilt in 230ms @ webpack-internal:///./node_modules/@gatsbyjs/webpack-hot-middleware/client.js:247
[   16619ms] [LOG] [HMR] bundle rebuilding @ webpack-internal:///./node_modules/@gatsbyjs/webpack-hot-middleware/client.js:238
[   16623ms] [LOG] [HMR] Updated modules: @ webpack-internal:///./node_modules/@gatsbyjs/webpack-hot-middleware/process-update.js:123
[   16623ms] [LOG] [HMR]  - ./.cache/blank.css @ webpack-internal:///./node_modules/@gatsbyjs/webpack-hot-middleware/process-update.js:125
[   16623ms] [LOG] [HMR]  - ./src/styles/global.css @ webpack-internal:///./node_modules/@gatsbyjs/webpack-hot-middleware/process-update.js:125
[   16673ms] [LOG] [HMR] css reload %s http://localhost:8000/commons.css @ webpack-internal:///./node_modules/mini-css-extract-plugin/dist/hmr/hotModuleReplacement.js:212
[   16673ms] [LOG] [HMR] css reload %s http://localhost:8000/commons.css @ webpack-internal:///./node_modules/mini-css-extract-plugin/dist/hmr/hotModuleReplacement.js:212
[   17188ms] [LOG] [HMR] bundle 'develop' rebuilt in 220ms @ webpack-internal:///./node_modules/@gatsbyjs/webpack-hot-middleware/client.js:247
[   17202ms] [LOG] [HMR] bundle rebuilding @ webpack-internal:///./node_modules/@gatsbyjs/webpack-hot-middleware/client.js:238
[   17213ms] [LOG] [HMR] Updated modules: @ webpack-internal:///./node_modules/@gatsbyjs/webpack-hot-middleware/process-update.js:123
[   17213ms] [LOG] [HMR]  - ./.cache/blank.css @ webpack-internal:///./node_modules/@gatsbyjs/webpack-hot-middleware/process-update.js:125
[   17213ms] [LOG] [HMR]  - ./src/styles/global.css @ webpack-internal:///./node_modules/@gatsbyjs/webpack-hot-middleware/process-update.js:125
[   17264ms] [LOG] [HMR] css reload %s http://localhost:8000/commons.css @ webpack-internal:///./node_modules/mini-css-extract-plugin/dist/hmr/hotModuleReplacement.js:212
[   17264ms] [LOG] [HMR] css reload %s http://localhost:8000/commons.css @ webpack-internal:///./node_modules/mini-css-extract-plugin/dist/hmr/hotModuleReplacement.js:212
[   17780ms] [LOG] [HMR] bundle 'develop' rebuilt in 215ms @ webpack-internal:///./node_modules/@gatsbyjs/webpack-hot-middleware/client.js:247
[   17805ms] [LOG] [HMR] bundle rebuilding @ webpack-internal:///./node_modules/@gatsbyjs/webpack-hot-middleware/client.js:238
[   17809ms] [LOG] [HMR] Updated modules: @ webpack-internal:///./node_modules/@gatsbyjs/webpack-hot-middleware/process-update.js:123
[   17809ms] [LOG] [HMR]  - ./.cache/blank.css @ webpack-internal:///./node_modules/@gatsbyjs/webpack-hot-middleware/process-update.js:125
[   17810ms] [LOG] [HMR]  - ./src/styles/global.css @ webpack-internal:///./node_modules/@gatsbyjs/webpack-hot-middleware/process-update.js:125
[   17860ms] [LOG] [HMR] css reload %s http://localhost:8000/commons.css @ webpack-internal:///./node_modules/mini-css-extract-plugin/dist/hmr/hotModuleReplacement.js:212
[   17860ms] [LOG] [HMR] css reload %s http://localhost:8000/commons.css @ webpack-internal:///./node_modules/mini-css-extract-plugin/dist/hmr/hotModuleReplacement.js:212
[   18348ms] [LOG] [HMR] bundle 'develop' rebuilt in 188ms @ webpack-internal:///./node_modules/@gatsbyjs/webpack-hot-middleware/client.js:247
[   18364ms] [LOG] [HMR] bundle rebuilding @ webpack-internal:///./node_modules/@gatsbyjs/webpack-hot-middleware/client.js:238
[   18375ms] [LOG] [HMR] Updated modules: @ webpack-internal:///./node_modules/@gatsbyjs/webpack-hot-middleware/process-update.js:123
[   18375ms] [LOG] [HMR]  - ./.cache/blank.css @ webpack-internal:///./node_modules/@gatsbyjs/webpack-hot-middleware/process-update.js:125
[   18375ms] [LOG] [HMR]  - ./src/styles/global.css @ webpack-internal:///./node_modules/@gatsbyjs/webpack-hot-middleware/process-update.js:125
[   18425ms] [LOG] [HMR] css reload %s http://localhost:8000/commons.css @ webpack-internal:///./node_modules/mini-css-extract-plugin/dist/hmr/hotModuleReplacement.js:212
[   18425ms] [LOG] [HMR] css reload %s http://localhost:8000/commons.css @ webpack-internal:///./node_modules/mini-css-extract-plugin/dist/hmr/hotModuleReplacement.js:212
[   19008ms] [LOG] [HMR] bundle 'develop' rebuilt in 250ms @ webpack-internal:///./node_modules/@gatsbyjs/webpack-hot-middleware/client.js:247
[   19029ms] [LOG] [HMR] bundle rebuilding @ webpack-internal:///./node_modules/@gatsbyjs/webpack-hot-middleware/client.js:238
[   19778ms] [INFO] %cDownload the React DevTools for a better development experience: https://reactjs.org/link/react-devtools font-weight:bold @ webpack-internal:///./node_modules/react-dom/cjs/react-dom.development.js:29890
[   19832ms] [LOG] [HMR] connected @ webpack-internal:///./node_modules/@gatsbyjs/webpack-hot-middleware/client.js:92
[   20334ms] [LOG] [HMR] bundle 'develop' rebuilt in 206ms @ webpack-internal:///./node_modules/@gatsbyjs/webpack-hot-middleware/client.js:247
[   20336ms] [LOG] %c
/home/eduapaul/repos/eduardpaul.github.io/src/components/ui/AnimatedSection.js
  1:17  warning  'useMemo' is defined but never used  no-unused-vars

✖ 1 problem (0 errors, 1 warning)
 color: #999933; @ webpack-internal:///./node_modules/@gatsbyjs/webpack-hot-middleware/client.js:193
[   20336ms] [LOG] [HMR] Checking for updates on the server... @ webpack-internal:///./node_modules/@gatsbyjs/webpack-hot-middleware/process-update.js:49
[   20393ms] [LOG] [HMR] bundle rebuilding @ webpack-internal:///./node_modules/@gatsbyjs/webpack-hot-middleware/client.js:238
[   21031ms] [LOG] [HMR] bundle 'develop' rebuilt in 279ms @ webpack-internal:///./node_modules/@gatsbyjs/webpack-hot-middleware/client.js:247
[   21055ms] [LOG] [HMR] bundle rebuilding @ webpack-internal:///./node_modules/@gatsbyjs/webpack-hot-middleware/client.js:238
[   21634ms] [LOG] [HMR] bundle 'develop' rebuilt in 215ms @ webpack-internal:///./node_modules/@gatsbyjs/webpack-hot-middleware/client.js:247
[   21674ms] [LOG] [HMR] bundle rebuilding @ webpack-internal:///./node_modules/@gatsbyjs/webpack-hot-middleware/client.js:238
[   21677ms] [LOG] [HMR] Updated modules: @ webpack-internal:///./node_modules/@gatsbyjs/webpack-hot-middleware/process-update.js:123
[   21677ms] [LOG] [HMR]  - ./.cache/blank.css @ webpack-internal:///./node_modules/@gatsbyjs/webpack-hot-middleware/process-update.js:125
[   21678ms] [LOG] [HMR]  - ./src/styles/global.css @ webpack-internal:///./node_modules/@gatsbyjs/webpack-hot-middleware/process-update.js:125
[   21730ms] [LOG] [HMR] css reload %s http://localhost:8000/commons.css @ webpack-internal:///./node_modules/mini-css-extract-plugin/dist/hmr/hotModuleReplacement.js:212
[   21731ms] [LOG] [HMR] css reload %s http://localhost:8000/commons.css @ webpack-internal:///./node_modules/mini-css-extract-plugin/dist/hmr/hotModuleReplacement.js:212
[   22201ms] [LOG] [HMR] bundle 'develop' rebuilt in 202ms @ webpack-internal:///./node_modules/@gatsbyjs/webpack-hot-middleware/client.js:247
[   22227ms] [LOG] [HMR] bundle rebuilding @ webpack-internal:///./node_modules/@gatsbyjs/webpack-hot-middleware/client.js:238
[   22869ms] [LOG] [HMR] bundle 'develop' rebuilt in 283ms @ webpack-internal:///./node_modules/@gatsbyjs/webpack-hot-middleware/client.js:247
[   22888ms] [LOG] [HMR] bundle rebuilding @ webpack-internal:///./node_modules/@gatsbyjs/webpack-hot-middleware/client.js:238
[   23457ms] [LOG] [HMR] bundle 'develop' rebuilt in 230ms @ webpack-internal:///./node_modules/@gatsbyjs/webpack-hot-middleware/client.js:247
[   23475ms] [LOG] [HMR] Updated modules: @ webpack-internal:///./node_modules/@gatsbyjs/webpack-hot-middleware/process-update.js:123
[   23475ms] [LOG] [HMR]  - ./.cache/blank.css @ webpack-internal:///./node_modules/@gatsbyjs/webpack-hot-middleware/process-update.js:125
[   23475ms] [LOG] [HMR]  - ./src/styles/global.css @ webpack-internal:///./node_modules/@gatsbyjs/webpack-hot-middleware/process-update.js:125
[   23476ms] [LOG] [HMR] bundle rebuilding @ webpack-internal:///./node_modules/@gatsbyjs/webpack-hot-middleware/client.js:238
[   23525ms] [LOG] [HMR] css reload %s http://localhost:8000/commons.css @ webpack-internal:///./node_modules/mini-css-extract-plugin/dist/hmr/hotModuleReplacement.js:212
[   23526ms] [LOG] [HMR] css reload %s http://localhost:8000/commons.css @ webpack-internal:///./node_modules/mini-css-extract-plugin/dist/hmr/hotModuleReplacement.js:212
[   24096ms] [LOG] [HMR] bundle 'develop' rebuilt in 250ms @ webpack-internal:///./node_modules/@gatsbyjs/webpack-hot-middleware/client.js:247
[   24116ms] [LOG] [HMR] bundle rebuilding @ webpack-internal:///./node_modules/@gatsbyjs/webpack-hot-middleware/client.js:238
[   24125ms] [LOG] [HMR] Updated modules: @ webpack-internal:///./node_modules/@gatsbyjs/webpack-hot-middleware/process-update.js:123
[   24125ms] [LOG] [HMR]  - ./.cache/blank.css @ webpack-internal:///./node_modules/@gatsbyjs/webpack-hot-middleware/process-update.js:125
[   24125ms] [LOG] [HMR]  - ./src/styles/global.css @ webpack-internal:///./node_modules/@gatsbyjs/webpack-hot-middleware/process-update.js:125
[   24175ms] [LOG] [HMR] css reload %s http://localhost:8000/commons.css @ webpack-internal:///./node_modules/mini-css-extract-plugin/dist/hmr/hotModuleReplacement.js:212
[   24175ms] [LOG] [HMR] css reload %s http://localhost:8000/commons.css @ webpack-internal:///./node_modules/mini-css-extract-plugin/dist/hmr/hotModuleReplacement.js:212
[   24664ms] [LOG] [HMR] bundle 'develop' rebuilt in 200ms @ webpack-internal:///./node_modules/@gatsbyjs/webpack-hot-middleware/client.js:247
[   24677ms] [LOG] [HMR] bundle rebuilding @ webpack-internal:///./node_modules/@gatsbyjs/webpack-hot-middleware/client.js:238
[   24689ms] [LOG] [HMR] Updated modules: @ webpack-internal:///./node_modules/@gatsbyjs/webpack-hot-middleware/process-update.js:123
[   24689ms] [LOG] [HMR]  - ./.cache/blank.css @ webpack-internal:///./node_modules/@gatsbyjs/webpack-hot-middleware/process-update.js:125
[   24689ms] [LOG] [HMR]  - ./src/styles/global.css @ webpack-internal:///./node_modules/@gatsbyjs/webpack-hot-middleware/process-update.js:125
[   24741ms] [LOG] [HMR] css reload %s http://localhost:8000/commons.css @ webpack-internal:///./node_modules/mini-css-extract-plugin/dist/hmr/hotModuleReplacement.js:212
[   24742ms] [LOG] [HMR] css reload %s http://localhost:8000/commons.css @ webpack-internal:///./node_modules/mini-css-extract-plugin/dist/hmr/hotModuleReplacement.js:212
[   25303ms] [LOG] [HMR] bundle 'develop' rebuilt in 245ms @ webpack-internal:///./node_modules/@gatsbyjs/webpack-hot-middleware/client.js:247
[   25329ms] [LOG] [HMR] bundle rebuilding @ webpack-internal:///./node_modules/@gatsbyjs/webpack-hot-middleware/client.js:238
[   25343ms] [LOG] [HMR] Updated modules: @ webpack-internal:///./node_modules/@gatsbyjs/webpack-hot-middleware/process-update.js:123
[   25343ms] [LOG] [HMR]  - ./.cache/blank.css @ webpack-internal:///./node_modules/@gatsbyjs/webpack-hot-middleware/process-update.js:125
[   25343ms] [LOG] [HMR]  - ./src/styles/global.css @ webpack-internal:///./node_modules/@gatsbyjs/webpack-hot-middleware/process-update.js:125
[   25394ms] [LOG] [HMR] css reload %s http://localhost:8000/commons.css @ webpack-internal:///./node_modules/mini-css-extract-plugin/dist/hmr/hotModuleReplacement.js:212
[   25394ms] [LOG] [HMR] css reload %s http://localhost:8000/commons.css @ webpack-internal:///./node_modules/mini-css-extract-plugin/dist/hmr/hotModuleReplacement.js:212
[   25965ms] [LOG] [HMR] bundle 'develop' rebuilt in 271ms @ webpack-internal:///./node_modules/@gatsbyjs/webpack-hot-middleware/client.js:247
[   25988ms] [LOG] [HMR] bundle rebuilding @ webpack-internal:///./node_modules/@gatsbyjs/webpack-hot-middleware/client.js:238
[   26000ms] [LOG] [HMR] Updated modules: @ webpack-internal:///./node_modules/@gatsbyjs/webpack-hot-middleware/process-update.js:123
[   26001ms] [LOG] [HMR]  - ./.cache/blank.css @ webpack-internal:///./node_modules/@gatsbyjs/webpack-hot-middleware/process-update.js:125
[   26001ms] [LOG] [HMR]  - ./src/styles/global.css @ webpack-internal:///./node_modules/@gatsbyjs/webpack-hot-middleware/process-update.js:125
[   26051ms] [LOG] [HMR] css reload %s http://localhost:8000/commons.css @ webpack-internal:///./node_modules/mini-css-extract-plugin/dist/hmr/hotModuleReplacement.js:212
[   26052ms] [LOG] [HMR] css reload %s http://localhost:8000/commons.css @ webpack-internal:///./node_modules/mini-css-extract-plugin/dist/hmr/hotModuleReplacement.js:212
[   26688ms] [LOG] [HMR] bundle 'develop' rebuilt in 302ms @ webpack-internal:///./node_modules/@gatsbyjs/webpack-hot-middleware/client.js:247
[   26709ms] [LOG] [HMR] bundle rebuilding @ webpack-internal:///./node_modules/@gatsbyjs/webpack-hot-middleware/client.js:238
[   26727ms] [LOG] [HMR] Updated modules: @ webpack-internal:///./node_modules/@gatsbyjs/webpack-hot-middleware/process-update.js:123
[   26727ms] [LOG] [HMR]  - ./.cache/blank.css @ webpack-internal:///./node_modules/@gatsbyjs/webpack-hot-middleware/process-update.js:125
[   26727ms] [LOG] [HMR]  - ./src/styles/global.css @ webpack-internal:///./node_modules/@gatsbyjs/webpack-hot-middleware/process-update.js:125
[   26778ms] [LOG] [HMR] css reload %s http://localhost:8000/commons.css @ webpack-internal:///./node_modules/mini-css-extract-plugin/dist/hmr/hotModuleReplacement.js:212
[   26778ms] [LOG] [HMR] css reload %s http://localhost:8000/commons.css @ webpack-internal:///./node_modules/mini-css-extract-plugin/dist/hmr/hotModuleReplacement.js:212
[   27355ms] [LOG] [HMR] bundle 'develop' rebuilt in 267ms @ webpack-internal:///./node_modules/@gatsbyjs/webpack-hot-middleware/client.js:247
[   27379ms] [LOG] [HMR] bundle rebuilding @ webpack-internal:///./node_modules/@gatsbyjs/webpack-hot-middleware/client.js:238
[   27384ms] [LOG] [HMR] Updated modules: @ webpack-internal:///./node_modules/@gatsbyjs/webpack-hot-middleware/process-update.js:123
[   27384ms] [LOG] [HMR]  - ./.cache/blank.css @ webpack-internal:///./node_modules/@gatsbyjs/webpack-hot-middleware/process-update.js:125
[   27384ms] [LOG] [HMR]  - ./src/styles/global.css @ webpack-internal:///./node_modules/@gatsbyjs/webpack-hot-middleware/process-update.js:125
[   27434ms] [LOG] [HMR] css reload %s http://localhost:8000/commons.css @ webpack-internal:///./node_modules/mini-css-extract-plugin/dist/hmr/hotModuleReplacement.js:212
[   27434ms] [LOG] [HMR] css reload %s http://localhost:8000/commons.css @ webpack-internal:///./node_modules/mini-css-extract-plugin/dist/hmr/hotModuleReplacement.js:212
[   27974ms] [LOG] [HMR] bundle 'develop' rebuilt in 225ms @ webpack-internal:///./node_modules/@gatsbyjs/webpack-hot-middleware/client.js:247
[   27997ms] [LOG] [HMR] bundle rebuilding @ webpack-internal:///./node_modules/@gatsbyjs/webpack-hot-middleware/client.js:238
[   28011ms] [LOG] [HMR] Updated modules: @ webpack-internal:///./node_modules/@gatsbyjs/webpack-hot-middleware/process-update.js:123
[   28011ms] [LOG] [HMR]  - ./.cache/blank.css @ webpack-internal:///./node_modules/@gatsbyjs/webpack-hot-middleware/process-update.js:125
[   28011ms] [LOG] [HMR]  - ./src/styles/global.css @ webpack-internal:///./node_modules/@gatsbyjs/webpack-hot-middleware/process-update.js:125
[   28062ms] [LOG] [HMR] css reload %s http://localhost:8000/commons.css @ webpack-internal:///./node_modules/mini-css-extract-plugin/dist/hmr/hotModuleReplacement.js:212
[   28063ms] [LOG] [HMR] css reload %s http://localhost:8000/commons.css @ webpack-internal:///./node_modules/mini-css-extract-plugin/dist/hmr/hotModuleReplacement.js:212
[   28564ms] [LOG] [HMR] bundle 'develop' rebuilt in 210ms @ webpack-internal:///./node_modules/@gatsbyjs/webpack-hot-middleware/client.js:247
[   28586ms] [LOG] [HMR] bundle rebuilding @ webpack-internal:///./node_modules/@gatsbyjs/webpack-hot-middleware/client.js:238
[   28599ms] [LOG] [HMR] Updated modules: @ webpack-internal:///./node_modules/@gatsbyjs/webpack-hot-middleware/process-update.js:123
[   28599ms] [LOG] [HMR]  - ./.cache/blank.css @ webpack-internal:///./node_modules/@gatsbyjs/webpack-hot-middleware/process-update.js:125
[   28599ms] [LOG] [HMR]  - ./src/styles/global.css @ webpack-internal:///./node_modules/@gatsbyjs/webpack-hot-middleware/process-update.js:125
[   28649ms] [LOG] [HMR] css reload %s http://localhost:8000/commons.css @ webpack-internal:///./node_modules/mini-css-extract-plugin/dist/hmr/hotModuleReplacement.js:212
[   28649ms] [LOG] [HMR] css reload %s http://localhost:8000/commons.css @ webpack-internal:///./node_modules/mini-css-extract-plugin/dist/hmr/hotModuleReplacement.js:212
[   29314ms] [LOG] [HMR] bundle 'develop' rebuilt in 319ms @ webpack-internal:///./node_modules/@gatsbyjs/webpack-hot-middleware/client.js:247
[   29316ms] [LOG] [HMR] bundle rebuilding @ webpack-internal:///./node_modules/@gatsbyjs/webpack-hot-middleware/client.js:238
[   29857ms] [LOG] [HMR] bundle 'develop' rebuilt in 189ms @ webpack-internal:///./node_modules/@gatsbyjs/webpack-hot-middleware/client.js:247
[   29869ms] [LOG] [HMR] bundle rebuilding @ webpack-internal:///./node_modules/@gatsbyjs/webpack-hot-middleware/client.js:238
[   29877ms] [LOG] [HMR] Updated modules: @ webpack-internal:///./node_modules/@gatsbyjs/webpack-hot-middleware/process-update.js:123
[   29877ms] [LOG] [HMR]  - ./.cache/blank.css @ webpack-internal:///./node_modules/@gatsbyjs/webpack-hot-middleware/process-update.js:125
[   29877ms] [LOG] [HMR]  - ./src/styles/global.css @ webpack-internal:///./node_modules/@gatsbyjs/webpack-hot-middleware/process-update.js:125
[   29929ms] [LOG] [HMR] css reload %s http://localhost:8000/commons.css @ webpack-internal:///./node_modules/mini-css-extract-plugin/dist/hmr/hotModuleReplacement.js:212
[   29932ms] [LOG] [HMR] css reload %s http://localhost:8000/commons.css @ webpack-internal:///./node_modules/mini-css-extract-plugin/dist/hmr/hotModuleReplacement.js:212
[   30417ms] [LOG] [HMR] bundle 'develop' rebuilt in 184ms @ webpack-internal:///./node_modules/@gatsbyjs/webpack-hot-middleware/client.js:247
[   30442ms] [LOG] [HMR] bundle rebuilding @ webpack-internal:///./node_modules/@gatsbyjs/webpack-hot-middleware/client.js:238
[   30446ms] [LOG] [HMR] Updated modules: @ webpack-internal:///./node_modules/@gatsbyjs/webpack-hot-middleware/process-update.js:123
[   30447ms] [LOG] [HMR]  - ./.cache/blank.css @ webpack-internal:///./node_modules/@gatsbyjs/webpack-hot-middleware/process-update.js:125
[   30447ms] [LOG] [HMR]  - ./src/styles/global.css @ webpack-internal:///./node_modules/@gatsbyjs/webpack-hot-middleware/process-update.js:125
[   30498ms] [LOG] [HMR] css reload %s http://localhost:8000/commons.css @ webpack-internal:///./node_modules/mini-css-extract-plugin/dist/hmr/hotModuleReplacement.js:212
[   30499ms] [LOG] [HMR] css reload %s http://localhost:8000/commons.css @ webpack-internal:///./node_modules/mini-css-extract-plugin/dist/hmr/hotModuleReplacement.js:212
[   31061ms] [LOG] [HMR] bundle 'develop' rebuilt in 243ms @ webpack-internal:///./node_modules/@gatsbyjs/webpack-hot-middleware/client.js:247
[   31105ms] [LOG] [HMR] bundle rebuilding @ webpack-internal:///./node_modules/@gatsbyjs/webpack-hot-middleware/client.js:238
[   31106ms] [LOG] [HMR] Updated modules: @ webpack-internal:///./node_modules/@gatsbyjs/webpack-hot-middleware/process-update.js:123
[   31106ms] [LOG] [HMR]  - ./.cache/blank.css @ webpack-internal:///./node_modules/@gatsbyjs/webpack-hot-middleware/process-update.js:125
[   31106ms] [LOG] [HMR]  - ./src/styles/global.css @ webpack-internal:///./node_modules/@gatsbyjs/webpack-hot-middleware/process-update.js:125
[   31157ms] [LOG] [HMR] css reload %s http://localhost:8000/commons.css @ webpack-internal:///./node_modules/mini-css-extract-plugin/dist/hmr/hotModuleReplacement.js:212
[   31157ms] [LOG] [HMR] css reload %s http://localhost:8000/commons.css @ webpack-internal:///./node_modules/mini-css-extract-plugin/dist/hmr/hotModuleReplacement.js:212
[   31694ms] [LOG] [HMR] bundle 'develop' rebuilt in 221ms @ webpack-internal:///./node_modules/@gatsbyjs/webpack-hot-middleware/client.js:247
[   31710ms] [LOG] [HMR] bundle rebuilding @ webpack-internal:///./node_modules/@gatsbyjs/webpack-hot-middleware/client.js:238
[   31721ms] [LOG] [HMR] Updated modules: @ webpack-internal:///./node_modules/@gatsbyjs/webpack-hot-middleware/process-update.js:123
[   31721ms] [LOG] [HMR]  - ./.cache/blank.css @ webpack-internal:///./node_modules/@gatsbyjs/webpack-hot-middleware/process-update.js:125
[   31721ms] [LOG] [HMR]  - ./src/styles/global.css @ webpack-internal:///./node_modules/@gatsbyjs/webpack-hot-middleware/process-update.js:125
[   31771ms] [LOG] [HMR] css reload %s http://localhost:8000/commons.css @ webpack-internal:///./node_modules/mini-css-extract-plugin/dist/hmr/hotModuleReplacement.js:212
[   31771ms] [LOG] [HMR] css reload %s http://localhost:8000/commons.css @ webpack-internal:///./node_modules/mini-css-extract-plugin/dist/hmr/hotModuleReplacement.js:212
[   32297ms] [LOG] [HMR] bundle 'develop' rebuilt in 220ms @ webpack-internal:///./node_modules/@gatsbyjs/webpack-hot-middleware/client.js:247
[   32317ms] [LOG] [HMR] bundle rebuilding @ webpack-internal:///./node_modules/@gatsbyjs/webpack-hot-middleware/client.js:238
[   32328ms] [LOG] [HMR] Updated modules: @ webpack-internal:///./node_modules/@gatsbyjs/webpack-hot-middleware/process-update.js:123
[   32328ms] [LOG] [HMR]  - ./.cache/blank.css @ webpack-internal:///./node_modules/@gatsbyjs/webpack-hot-middleware/process-update.js:125
[   32328ms] [LOG] [HMR]  - ./src/styles/global.css @ webpack-internal:///./node_modules/@gatsbyjs/webpack-hot-middleware/process-update.js:125
[   32379ms] [LOG] [HMR] css reload %s http://localhost:8000/commons.css @ webpack-internal:///./node_modules/mini-css-extract-plugin/dist/hmr/hotModuleReplacement.js:212
[   32379ms] [LOG] [HMR] css reload %s http://localhost:8000/commons.css @ webpack-internal:///./node_modules/mini-css-extract-plugin/dist/hmr/hotModuleReplacement.js:212
[   32902ms] [LOG] [HMR] bundle 'develop' rebuilt in 243ms @ webpack-internal:///./node_modules/@gatsbyjs/webpack-hot-middleware/client.js:247
[   32919ms] [LOG] [HMR] bundle rebuilding @ webpack-internal:///./node_modules/@gatsbyjs/webpack-hot-middleware/client.js:238
[   32935ms] [LOG] [HMR] Updated modules: @ webpack-internal:///./node_modules/@gatsbyjs/webpack-hot-middleware/process-update.js:123
[   32935ms] [LOG] [HMR]  - ./.cache/blank.css @ webpack-internal:///./node_modules/@gatsbyjs/webpack-hot-middleware/process-update.js:125
[   32935ms] [LOG] [HMR]  - ./src/styles/global.css @ webpack-internal:///./node_modules/@gatsbyjs/webpack-hot-middleware/process-update.js:125
[   32986ms] [LOG] [HMR] css reload %s http://localhost:8000/commons.css @ webpack-internal:///./node_modules/mini-css-extract-plugin/dist/hmr/hotModuleReplacement.js:212
[   32986ms] [LOG] [HMR] css reload %s http://localhost:8000/commons.css @ webpack-internal:///./node_modules/mini-css-extract-plugin/dist/hmr/hotModuleReplacement.js:212
[   33526ms] [LOG] [HMR] bundle 'develop' rebuilt in 224ms @ webpack-internal:///./node_modules/@gatsbyjs/webpack-hot-middleware/client.js:247
[   33576ms] [LOG] [HMR] bundle rebuilding @ webpack-internal:///./node_modules/@gatsbyjs/webpack-hot-middleware/client.js:238
[   33602ms] [LOG] [HMR] Updated modules: @ webpack-internal:///./node_modules/@gatsbyjs/webpack-hot-middleware/process-update.js:123
[   33602ms] [LOG] [HMR]  - ./.cache/blank.css @ webpack-internal:///./node_modules/@gatsbyjs/webpack-hot-middleware/process-update.js:125
[   33602ms] [LOG] [HMR]  - ./src/styles/global.css @ webpack-internal:///./node_modules/@gatsbyjs/webpack-hot-middleware/process-update.js:125
[   33652ms] [LOG] [HMR] css reload %s http://localhost:8000/commons.css @ webpack-internal:///./node_modules/mini-css-extract-plugin/dist/hmr/hotModuleReplacement.js:212
[   33653ms] [LOG] [HMR] css reload %s http://localhost:8000/commons.css @ webpack-internal:///./node_modules/mini-css-extract-plugin/dist/hmr/hotModuleReplacement.js:212
[   34265ms] [LOG] [HMR] bundle 'develop' rebuilt in 300ms @ webpack-internal:///./node_modules/@gatsbyjs/webpack-hot-middleware/client.js:247
[   34288ms] [LOG] [HMR] bundle rebuilding @ webpack-internal:///./node_modules/@gatsbyjs/webpack-hot-middleware/client.js:238
[   34302ms] [LOG] [HMR] Updated modules: @ webpack-internal:///./node_modules/@gatsbyjs/webpack-hot-middleware/process-update.js:123
[   34303ms] [LOG] [HMR]  - ./.cache/blank.css @ webpack-internal:///./node_modules/@gatsbyjs/webpack-hot-middleware/process-update.js:125
[   34303ms] [LOG] [HMR]  - ./src/styles/global.css @ webpack-internal:///./node_modules/@gatsbyjs/webpack-hot-middleware/process-update.js:125
[   34353ms] [LOG] [HMR] css reload %s http://localhost:8000/commons.css @ webpack-internal:///./node_modules/mini-css-extract-plugin/dist/hmr/hotModuleReplacement.js:212
[   34353ms] [LOG] [HMR] css reload %s http://localhost:8000/commons.css @ webpack-internal:///./node_modules/mini-css-extract-plugin/dist/hmr/hotModuleReplacement.js:212
[   34843ms] [LOG] [HMR] bundle 'develop' rebuilt in 205ms @ webpack-internal:///./node_modules/@gatsbyjs/webpack-hot-middleware/client.js:247
[   34856ms] [LOG] [HMR] bundle rebuilding @ webpack-internal:///./node_modules/@gatsbyjs/webpack-hot-middleware/client.js:238
[   34869ms] [LOG] [HMR] Updated modules: @ webpack-internal:///./node_modules/@gatsbyjs/webpack-hot-middleware/process-update.js:123
[   34869ms] [LOG] [HMR]  - ./.cache/blank.css @ webpack-internal:///./node_modules/@gatsbyjs/webpack-hot-middleware/process-update.js:125
[   34869ms] [LOG] [HMR]  - ./src/styles/global.css @ webpack-internal:///./node_modules/@gatsbyjs/webpack-hot-middleware/process-update.js:125
[   34920ms] [LOG] [HMR] css reload %s http://localhost:8000/commons.css @ webpack-internal:///./node_modules/mini-css-extract-plugin/dist/hmr/hotModuleReplacement.js:212
[   34921ms] [LOG] [HMR] css reload %s http://localhost:8000/commons.css @ webpack-internal:///./node_modules/mini-css-extract-plugin/dist/hmr/hotModuleReplacement.js:212
[   35382ms] [LOG] [HMR] bundle 'develop' rebuilt in 171ms @ webpack-internal:///./node_modules/@gatsbyjs/webpack-hot-middleware/client.js:247
[   35402ms] [LOG] [HMR] bundle rebuilding @ webpack-internal:///./node_modules/@gatsbyjs/webpack-hot-middleware/client.js:238
[   35406ms] [LOG] [HMR] Updated modules: @ webpack-internal:///./node_modules/@gatsbyjs/webpack-hot-middleware/process-update.js:123
[   35406ms] [LOG] [HMR]  - ./.cache/blank.css @ webpack-internal:///./node_modules/@gatsbyjs/webpack-hot-middleware/process-update.js:125
[   35407ms] [LOG] [HMR]  - ./src/styles/global.css @ webpack-internal:///./node_modules/@gatsbyjs/webpack-hot-middleware/process-update.js:125
[   35457ms] [LOG] [HMR] css reload %s http://localhost:8000/commons.css @ webpack-internal:///./node_modules/mini-css-extract-plugin/dist/hmr/hotModuleReplacement.js:212
[   35457ms] [LOG] [HMR] css reload %s http://localhost:8000/commons.css @ webpack-internal:///./node_modules/mini-css-extract-plugin/dist/hmr/hotModuleReplacement.js:212
[   35926ms] [LOG] [HMR] bundle 'develop' rebuilt in 176ms @ webpack-internal:///./node_modules/@gatsbyjs/webpack-hot-middleware/client.js:247
[   35945ms] [LOG] [HMR] bundle rebuilding @ webpack-internal:///./node_modules/@gatsbyjs/webpack-hot-middleware/client.js:238
[   35959ms] [LOG] [HMR] Updated modules: @ webpack-internal:///./node_modules/@gatsbyjs/webpack-hot-middleware/process-update.js:123
[   35959ms] [LOG] [HMR]  - ./.cache/blank.css @ webpack-internal:///./node_modules/@gatsbyjs/webpack-hot-middleware/process-update.js:125
[   35959ms] [LOG] [HMR]  - ./src/styles/global.css @ webpack-internal:///./node_modules/@gatsbyjs/webpack-hot-middleware/process-update.js:125
[   36010ms] [LOG] [HMR] css reload %s http://localhost:8000/commons.css @ webpack-internal:///./node_modules/mini-css-extract-plugin/dist/hmr/hotModuleReplacement.js:212
[   36010ms] [LOG] [HMR] css reload %s http://localhost:8000/commons.css @ webpack-internal:///./node_modules/mini-css-extract-plugin/dist/hmr/hotModuleReplacement.js:212
[   36508ms] [LOG] [HMR] bundle 'develop' rebuilt in 205ms @ webpack-internal:///./node_modules/@gatsbyjs/webpack-hot-middleware/client.js:247
[   36524ms] [LOG] [HMR] bundle rebuilding @ webpack-internal:///./node_modules/@gatsbyjs/webpack-hot-middleware/client.js:238
[   36528ms] [LOG] [HMR] Updated modules: @ webpack-internal:///./node_modules/@gatsbyjs/webpack-hot-middleware/process-update.js:123
[   36528ms] [LOG] [HMR]  - ./.cache/blank.css @ webpack-internal:///./node_modules/@gatsbyjs/webpack-hot-middleware/process-update.js:125
[   36528ms] [LOG] [HMR]  - ./src/styles/global.css @ webpack-internal:///./node_modules/@gatsbyjs/webpack-hot-middleware/process-update.js:125
[   36578ms] [LOG] [HMR] css reload %s http://localhost:8000/commons.css @ webpack-internal:///./node_modules/mini-css-extract-plugin/dist/hmr/hotModuleReplacement.js:212
[   36578ms] [LOG] [HMR] css reload %s http://localhost:8000/commons.css @ webpack-internal:///./node_modules/mini-css-extract-plugin/dist/hmr/hotModuleReplacement.js:212
[   37068ms] [LOG] [HMR] bundle 'develop' rebuilt in 191ms @ webpack-internal:///./node_modules/@gatsbyjs/webpack-hot-middleware/client.js:247
[   37083ms] [LOG] [HMR] bundle rebuilding @ webpack-internal:///./node_modules/@gatsbyjs/webpack-hot-middleware/client.js:238
[   37094ms] [LOG] [HMR] Updated modules: @ webpack-internal:///./node_modules/@gatsbyjs/webpack-hot-middleware/process-update.js:123
[   37094ms] [LOG] [HMR]  - ./.cache/blank.css @ webpack-internal:///./node_modules/@gatsbyjs/webpack-hot-middleware/process-update.js:125
[   37094ms] [LOG] [HMR]  - ./src/styles/global.css @ webpack-internal:///./node_modules/@gatsbyjs/webpack-hot-middleware/process-update.js:125
[   37144ms] [LOG] [HMR] css reload %s http://localhost:8000/commons.css @ webpack-internal:///./node_modules/mini-css-extract-plugin/dist/hmr/hotModuleReplacement.js:212
[   37145ms] [LOG] [HMR] css reload %s http://localhost:8000/commons.css @ webpack-internal:///./node_modules/mini-css-extract-plugin/dist/hmr/hotModuleReplacement.js:212
[   37602ms] [LOG] [HMR] bundle 'develop' rebuilt in 177ms @ webpack-internal:///./node_modules/@gatsbyjs/webpack-hot-middleware/client.js:247
[   37624ms] [LOG] [HMR] bundle rebuilding @ webpack-internal:///./node_modules/@gatsbyjs/webpack-hot-middleware/client.js:238
[   37635ms] [LOG] [HMR] Updated modules: @ webpack-internal:///./node_modules/@gatsbyjs/webpack-hot-middleware/process-update.js:123
[   37635ms] [LOG] [HMR]  - ./.cache/blank.css @ webpack-internal:///./node_modules/@gatsbyjs/webpack-hot-middleware/process-update.js:125
[   37635ms] [LOG] [HMR]  - ./src/styles/global.css @ webpack-internal:///./node_modules/@gatsbyjs/webpack-hot-middleware/process-update.js:125
[   37686ms] [LOG] [HMR] css reload %s http://localhost:8000/commons.css @ webpack-internal:///./node_modules/mini-css-extract-plugin/dist/hmr/hotModuleReplacement.js:212
[   37687ms] [LOG] [HMR] css reload %s http://localhost:8000/commons.css @ webpack-internal:///./node_modules/mini-css-extract-plugin/dist/hmr/hotModuleReplacement.js:212
[   38178ms] [LOG] [HMR] bundle 'develop' rebuilt in 192ms @ webpack-internal:///./node_modules/@gatsbyjs/webpack-hot-middleware/client.js:247
[   38204ms] [LOG] [HMR] bundle rebuilding @ webpack-internal:///./node_modules/@gatsbyjs/webpack-hot-middleware/client.js:238
[   38217ms] [LOG] [HMR] Updated modules: @ webpack-internal:///./node_modules/@gatsbyjs/webpack-hot-middleware/process-update.js:123
[   38217ms] [LOG] [HMR]  - ./.cache/blank.css @ webpack-internal:///./node_modules/@gatsbyjs/webpack-hot-middleware/process-update.js:125
[   38217ms] [LOG] [HMR]  - ./src/styles/global.css @ webpack-internal:///./node_modules/@gatsbyjs/webpack-hot-middleware/process-update.js:125
[   38279ms] [LOG] [HMR] css reload %s http://localhost:8000/commons.css @ webpack-internal:///./node_modules/mini-css-extract-plugin/dist/hmr/hotModuleReplacement.js:212
[   38279ms] [LOG] [HMR] css reload %s http://localhost:8000/commons.css @ webpack-internal:///./node_modules/mini-css-extract-plugin/dist/hmr/hotModuleReplacement.js:212
[   38845ms] [LOG] [HMR] bundle 'develop' rebuilt in 254ms @ webpack-internal:///./node_modules/@gatsbyjs/webpack-hot-middleware/client.js:247
[   38869ms] [LOG] [HMR] bundle rebuilding @ webpack-internal:///./node_modules/@gatsbyjs/webpack-hot-middleware/client.js:238
[   38882ms] [LOG] [HMR] Updated modules: @ webpack-internal:///./node_modules/@gatsbyjs/webpack-hot-middleware/process-update.js:123
[   38882ms] [LOG] [HMR]  - ./.cache/blank.css @ webpack-internal:///./node_modules/@gatsbyjs/webpack-hot-middleware/process-update.js:125
[   38882ms] [LOG] [HMR]  - ./src/styles/global.css @ webpack-internal:///./node_modules/@gatsbyjs/webpack-hot-middleware/process-update.js:125
[   38932ms] [LOG] [HMR] css reload %s http://localhost:8000/commons.css @ webpack-internal:///./node_modules/mini-css-extract-plugin/dist/hmr/hotModuleReplacement.js:212
[   38932ms] [LOG] [HMR] css reload %s http://localhost:8000/commons.css @ webpack-internal:///./node_modules/mini-css-extract-plugin/dist/hmr/hotModuleReplacement.js:212
[   39501ms] [LOG] [HMR] bundle 'develop' rebuilt in 266ms @ webpack-internal:///./node_modules/@gatsbyjs/webpack-hot-middleware/client.js:247
[   39523ms] [LOG] [HMR] bundle rebuilding @ webpack-internal:///./node_modules/@gatsbyjs/webpack-hot-middleware/client.js:238
[   39538ms] [LOG] [HMR] Updated modules: @ webpack-internal:///./node_modules/@gatsbyjs/webpack-hot-middleware/process-update.js:123
[   39538ms] [LOG] [HMR]  - ./.cache/blank.css @ webpack-internal:///./node_modules/@gatsbyjs/webpack-hot-middleware/process-update.js:125
[   39538ms] [LOG] [HMR]  - ./src/styles/global.css @ webpack-internal:///./node_modules/@gatsbyjs/webpack-hot-middleware/process-update.js:125
[   39588ms] [LOG] [HMR] css reload %s http://localhost:8000/commons.css @ webpack-internal:///./node_modules/mini-css-extract-plugin/dist/hmr/hotModuleReplacement.js:212
[   39589ms] [LOG] [HMR] css reload %s http://localhost:8000/commons.css @ webpack-internal:///./node_modules/mini-css-extract-plugin/dist/hmr/hotModuleReplacement.js:212
[   40075ms] [LOG] [HMR] bundle 'develop' rebuilt in 190ms @ webpack-internal:///./node_modules/@gatsbyjs/webpack-hot-middleware/client.js:247
[   40095ms] [LOG] [HMR] bundle rebuilding @ webpack-internal:///./node_modules/@gatsbyjs/webpack-hot-middleware/client.js:238
[   40109ms] [LOG] [HMR] Updated modules: @ webpack-internal:///./node_modules/@gatsbyjs/webpack-hot-middleware/process-update.js:123
[   40109ms] [LOG] [HMR]  - ./.cache/blank.css @ webpack-internal:///./node_modules/@gatsbyjs/webpack-hot-middleware/process-update.js:125
[   40109ms] [LOG] [HMR]  - ./src/styles/global.css @ webpack-internal:///./node_modules/@gatsbyjs/webpack-hot-middleware/process-update.js:125
[   40159ms] [LOG] [HMR] css reload %s http://localhost:8000/commons.css @ webpack-internal:///./node_modules/mini-css-extract-plugin/dist/hmr/hotModuleReplacement.js:212
[   40160ms] [LOG] [HMR] css reload %s http://localhost:8000/commons.css @ webpack-internal:///./node_modules/mini-css-extract-plugin/dist/hmr/hotModuleReplacement.js:212
[   40761ms] [LOG] [HMR] bundle 'develop' rebuilt in 285ms @ webpack-internal:///./node_modules/@gatsbyjs/webpack-hot-middleware/client.js:247
[   40808ms] [LOG] [HMR] bundle rebuilding @ webpack-internal:///./node_modules/@gatsbyjs/webpack-hot-middleware/client.js:238
[   40810ms] [LOG] [HMR] Updated modules: @ webpack-internal:///./node_modules/@gatsbyjs/webpack-hot-middleware/process-update.js:123
[   40810ms] [LOG] [HMR]  - ./.cache/blank.css @ webpack-internal:///./node_modules/@gatsbyjs/webpack-hot-middleware/process-update.js:125
[   40810ms] [LOG] [HMR]  - ./src/styles/global.css @ webpack-internal:///./node_modules/@gatsbyjs/webpack-hot-middleware/process-update.js:125
[   40860ms] [LOG] [HMR] css reload %s http://localhost:8000/commons.css @ webpack-internal:///./node_modules/mini-css-extract-plugin/dist/hmr/hotModuleReplacement.js:212
[   40861ms] [LOG] [HMR] css reload %s http://localhost:8000/commons.css @ webpack-internal:///./node_modules/mini-css-extract-plugin/dist/hmr/hotModuleReplacement.js:212
[   41468ms] [LOG] [HMR] bundle 'develop' rebuilt in 281ms @ webpack-internal:///./node_modules/@gatsbyjs/webpack-hot-middleware/client.js:247
[   41488ms] [LOG] [HMR] bundle rebuilding @ webpack-internal:///./node_modules/@gatsbyjs/webpack-hot-middleware/client.js:238
[   41491ms] [LOG] [HMR] Updated modules: @ webpack-internal:///./node_modules/@gatsbyjs/webpack-hot-middleware/process-update.js:123
[   41491ms] [LOG] [HMR]  - ./.cache/blank.css @ webpack-internal:///./node_modules/@gatsbyjs/webpack-hot-middleware/process-update.js:125
[   41491ms] [LOG] [HMR]  - ./src/styles/global.css @ webpack-internal:///./node_modules/@gatsbyjs/webpack-hot-middleware/process-update.js:125
[   41541ms] [LOG] [HMR] css reload %s http://localhost:8000/commons.css @ webpack-internal:///./node_modules/mini-css-extract-plugin/dist/hmr/hotModuleReplacement.js:212
[   41541ms] [LOG] [HMR] css reload %s http://localhost:8000/commons.css @ webpack-internal:///./node_modules/mini-css-extract-plugin/dist/hmr/hotModuleReplacement.js:212
[   42041ms] [LOG] [HMR] bundle 'develop' rebuilt in 205ms @ webpack-internal:///./node_modules/@gatsbyjs/webpack-hot-middleware/client.js:247
[   42054ms] [LOG] [HMR] bundle rebuilding @ webpack-internal:///./node_modules/@gatsbyjs/webpack-hot-middleware/client.js:238
[   42064ms] [LOG] [HMR] Updated modules: @ webpack-internal:///./node_modules/@gatsbyjs/webpack-hot-middleware/process-update.js:123
[   42064ms] [LOG] [HMR]  - ./.cache/blank.css @ webpack-internal:///./node_modules/@gatsbyjs/webpack-hot-middleware/process-update.js:125
[   42064ms] [LOG] [HMR]  - ./src/styles/global.css @ webpack-internal:///./node_modules/@gatsbyjs/webpack-hot-middleware/process-update.js:125
[   42115ms] [LOG] [HMR] css reload %s http://localhost:8000/commons.css @ webpack-internal:///./node_modules/mini-css-extract-plugin/dist/hmr/hotModuleReplacement.js:212
[   42116ms] [LOG] [HMR] css reload %s http://localhost:8000/commons.css @ webpack-internal:///./node_modules/mini-css-extract-plugin/dist/hmr/hotModuleReplacement.js:212
[   42657ms] [LOG] [HMR] bundle 'develop' rebuilt in 252ms @ webpack-internal:///./node_modules/@gatsbyjs/webpack-hot-middleware/client.js:247
[   42683ms] [LOG] [HMR] bundle rebuilding @ webpack-internal:///./node_modules/@gatsbyjs/webpack-hot-middleware/client.js:238
[   42707ms] [LOG] [HMR] Updated modules: @ webpack-internal:///./node_modules/@gatsbyjs/webpack-hot-middleware/process-update.js:123
[   42707ms] [LOG] [HMR]  - ./.cache/blank.css @ webpack-internal:///./node_modules/@gatsbyjs/webpack-hot-middleware/process-update.js:125
[   42707ms] [LOG] [HMR]  - ./src/styles/global.css @ webpack-internal:///./node_modules/@gatsbyjs/webpack-hot-middleware/process-update.js:125
[   42757ms] [LOG] [HMR] css reload %s http://localhost:8000/commons.css @ webpack-internal:///./node_modules/mini-css-extract-plugin/dist/hmr/hotModuleReplacement.js:212
[   42758ms] [LOG] [HMR] css reload %s http://localhost:8000/commons.css @ webpack-internal:///./node_modules/mini-css-extract-plugin/dist/hmr/hotModuleReplacement.js:212
[   43233ms] [LOG] [HMR] bundle 'develop' rebuilt in 177ms @ webpack-internal:///./node_modules/@gatsbyjs/webpack-hot-middleware/client.js:247
[   43257ms] [LOG] [HMR] bundle rebuilding @ webpack-internal:///./node_modules/@gatsbyjs/webpack-hot-middleware/client.js:238
[   43281ms] [LOG] [HMR] Updated modules: @ webpack-internal:///./node_modules/@gatsbyjs/webpack-hot-middleware/process-update.js:123
[   43281ms] [LOG] [HMR]  - ./.cache/blank.css @ webpack-internal:///./node_modules/@gatsbyjs/webpack-hot-middleware/process-update.js:125
[   43281ms] [LOG] [HMR]  - ./src/styles/global.css @ webpack-internal:///./node_modules/@gatsbyjs/webpack-hot-middleware/process-update.js:125
[   43332ms] [LOG] [HMR] css reload %s http://localhost:8000/commons.css @ webpack-internal:///./node_modules/mini-css-extract-plugin/dist/hmr/hotModuleReplacement.js:212
[   43332ms] [LOG] [HMR] css reload %s http://localhost:8000/commons.css @ webpack-internal:///./node_modules/mini-css-extract-plugin/dist/hmr/hotModuleReplacement.js:212
[   43886ms] [LOG] [HMR] bundle 'develop' rebuilt in 243ms @ webpack-internal:///./node_modules/@gatsbyjs/webpack-hot-middleware/client.js:247
[   43923ms] [LOG] [HMR] bundle rebuilding @ webpack-internal:///./node_modules/@gatsbyjs/webpack-hot-middleware/client.js:238
[   43925ms] [LOG] [HMR] Updated modules: @ webpack-internal:///./node_modules/@gatsbyjs/webpack-hot-middleware/process-update.js:123
[   43925ms] [LOG] [HMR]  - ./.cache/blank.css @ webpack-internal:///./node_modules/@gatsbyjs/webpack-hot-middleware/process-update.js:125
[   43925ms] [LOG] [HMR]  - ./src/styles/global.css @ webpack-internal:///./node_modules/@gatsbyjs/webpack-hot-middleware/process-update.js:125
[   43975ms] [LOG] [HMR] css reload %s http://localhost:8000/commons.css @ webpack-internal:///./node_modules/mini-css-extract-plugin/dist/hmr/hotModuleReplacement.js:212
[   43975ms] [LOG] [HMR] css reload %s http://localhost:8000/commons.css @ webpack-internal:///./node_modules/mini-css-extract-plugin/dist/hmr/hotModuleReplacement.js:212
[   44484ms] [LOG] [HMR] bundle 'develop' rebuilt in 218ms @ webpack-internal:///./node_modules/@gatsbyjs/webpack-hot-middleware/client.js:247
[   44497ms] [LOG] [HMR] bundle rebuilding @ webpack-internal:///./node_modules/@gatsbyjs/webpack-hot-middleware/client.js:238
[   44500ms] [LOG] [HMR] Updated modules: @ webpack-internal:///./node_modules/@gatsbyjs/webpack-hot-middleware/process-update.js:123
[   44500ms] [LOG] [HMR]  - ./.cache/blank.css @ webpack-internal:///./node_modules/@gatsbyjs/webpack-hot-middleware/process-update.js:125
[   44500ms] [LOG] [HMR]  - ./src/styles/global.css @ webpack-internal:///./node_modules/@gatsbyjs/webpack-hot-middleware/process-update.js:125
[   44551ms] [LOG] [HMR] css reload %s http://localhost:8000/commons.css @ webpack-internal:///./node_modules/mini-css-extract-plugin/dist/hmr/hotModuleReplacement.js:212
[   44551ms] [LOG] [HMR] css reload %s http://localhost:8000/commons.css @ webpack-internal:///./node_modules/mini-css-extract-plugin/dist/hmr/hotModuleReplacement.js:212
[   45111ms] [LOG] [HMR] bundle 'develop' rebuilt in 238ms @ webpack-internal:///./node_modules/@gatsbyjs/webpack-hot-middleware/client.js:247
[   45132ms] [LOG] [HMR] bundle rebuilding @ webpack-internal:///./node_modules/@gatsbyjs/webpack-hot-middleware/client.js:238
[   45145ms] [LOG] [HMR] Updated modules: @ webpack-internal:///./node_modules/@gatsbyjs/webpack-hot-middleware/process-update.js:123
[   45145ms] [LOG] [HMR]  - ./.cache/blank.css @ webpack-internal:///./node_modules/@gatsbyjs/webpack-hot-middleware/process-update.js:125
[   45145ms] [LOG] [HMR]  - ./src/styles/global.css @ webpack-internal:///./node_modules/@gatsbyjs/webpack-hot-middleware/process-update.js:125
[   45196ms] [LOG] [HMR] css reload %s http://localhost:8000/commons.css @ webpack-internal:///./node_modules/mini-css-extract-plugin/dist/hmr/hotModuleReplacement.js:212
[   45196ms] [LOG] [HMR] css reload %s http://localhost:8000/commons.css @ webpack-internal:///./node_modules/mini-css-extract-plugin/dist/hmr/hotModuleReplacement.js:212
[   45785ms] [LOG] [HMR] bundle 'develop' rebuilt in 264ms @ webpack-internal:///./node_modules/@gatsbyjs/webpack-hot-middleware/client.js:247
[   45795ms] [LOG] [HMR] bundle rebuilding @ webpack-internal:///./node_modules/@gatsbyjs/webpack-hot-middleware/client.js:238
[   46491ms] [LOG] [HMR] bundle 'develop' rebuilt in 293ms @ webpack-internal:///./node_modules/@gatsbyjs/webpack-hot-middleware/client.js:247
[   46507ms] [LOG] [HMR] bundle rebuilding @ webpack-internal:///./node_modules/@gatsbyjs/webpack-hot-middleware/client.js:238
[   46510ms] [LOG] [HMR] Updated modules: @ webpack-internal:///./node_modules/@gatsbyjs/webpack-hot-middleware/process-update.js:123
[   46511ms] [LOG] [HMR]  - ./.cache/blank.css @ webpack-internal:///./node_modules/@gatsbyjs/webpack-hot-middleware/process-update.js:125
[   46511ms] [LOG] [HMR]  - ./src/styles/global.css @ webpack-internal:///./node_modules/@gatsbyjs/webpack-hot-middleware/process-update.js:125
[   46561ms] [LOG] [HMR] css reload %s http://localhost:8000/commons.css @ webpack-internal:///./node_modules/mini-css-extract-plugin/dist/hmr/hotModuleReplacement.js:212
[   46562ms] [LOG] [HMR] css reload %s http://localhost:8000/commons.css @ webpack-internal:///./node_modules/mini-css-extract-plugin/dist/hmr/hotModuleReplacement.js:212
[   47139ms] [LOG] [HMR] bundle 'develop' rebuilt in 261ms @ webpack-internal:///./node_modules/@gatsbyjs/webpack-hot-middleware/client.js:247
[   47157ms] [LOG] [HMR] bundle rebuilding @ webpack-internal:///./node_modules/@gatsbyjs/webpack-hot-middleware/client.js:238
[   47169ms] [LOG] [HMR] Updated modules: @ webpack-internal:///./node_modules/@gatsbyjs/webpack-hot-middleware/process-update.js:123
[   47169ms] [LOG] [HMR]  - ./.cache/blank.css @ webpack-internal:///./node_modules/@gatsbyjs/webpack-hot-middleware/process-update.js:125
[   47169ms] [LOG] [HMR]  - ./src/styles/global.css @ webpack-internal:///./node_modules/@gatsbyjs/webpack-hot-middleware/process-update.js:125
[   47220ms] [LOG] [HMR] css reload %s http://localhost:8000/commons.css @ webpack-internal:///./node_modules/mini-css-extract-plugin/dist/hmr/hotModuleReplacement.js:212
[   47220ms] [LOG] [HMR] css reload %s http://localhost:8000/commons.css @ webpack-internal:///./node_modules/mini-css-extract-plugin/dist/hmr/hotModuleReplacement.js:212
[   47765ms] [LOG] [HMR] bundle 'develop' rebuilt in 240ms @ webpack-internal:///./node_modules/@gatsbyjs/webpack-hot-middleware/client.js:247
[   47789ms] [LOG] [HMR] bundle rebuilding @ webpack-internal:///./node_modules/@gatsbyjs/webpack-hot-middleware/client.js:238
[   47801ms] [LOG] [HMR] Updated modules: @ webpack-internal:///./node_modules/@gatsbyjs/webpack-hot-middleware/process-update.js:123
[   47801ms] [LOG] [HMR]  - ./.cache/blank.css @ webpack-internal:///./node_modules/@gatsbyjs/webpack-hot-middleware/process-update.js:125
[   47801ms] [LOG] [HMR]  - ./src/styles/global.css @ webpack-internal:///./node_modules/@gatsbyjs/webpack-hot-middleware/process-update.js:125
[   47851ms] [LOG] [HMR] css reload %s http://localhost:8000/commons.css @ webpack-internal:///./node_modules/mini-css-extract-plugin/dist/hmr/hotModuleReplacement.js:212
[   47852ms] [LOG] [HMR] css reload %s http://localhost:8000/commons.css @ webpack-internal:///./node_modules/mini-css-extract-plugin/dist/hmr/hotModuleReplacement.js:212
[   48431ms] [LOG] [HMR] bundle 'develop' rebuilt in 274ms @ webpack-internal:///./node_modules/@gatsbyjs/webpack-hot-middleware/client.js:247
[   48464ms] [LOG] [HMR] bundle rebuilding @ webpack-internal:///./node_modules/@gatsbyjs/webpack-hot-middleware/client.js:238
[   48466ms] [LOG] [HMR] Updated modules: @ webpack-internal:///./node_modules/@gatsbyjs/webpack-hot-middleware/process-update.js:123
[   48466ms] [LOG] [HMR]  - ./.cache/blank.css @ webpack-internal:///./node_modules/@gatsbyjs/webpack-hot-middleware/process-update.js:125
[   48466ms] [LOG] [HMR]  - ./src/styles/global.css @ webpack-internal:///./node_modules/@gatsbyjs/webpack-hot-middleware/process-update.js:125
[   48516ms] [LOG] [HMR] css reload %s http://localhost:8000/commons.css @ webpack-internal:///./node_modules/mini-css-extract-plugin/dist/hmr/hotModuleReplacement.js:212
[   48516ms] [LOG] [HMR] css reload %s http://localhost:8000/commons.css @ webpack-internal:///./node_modules/mini-css-extract-plugin/dist/hmr/hotModuleReplacement.js:212
[   49102ms] [LOG] [HMR] bundle 'develop' rebuilt in 256ms @ webpack-internal:///./node_modules/@gatsbyjs/webpack-hot-middleware/client.js:247
[   49120ms] [LOG] [HMR] bundle rebuilding @ webpack-internal:///./node_modules/@gatsbyjs/webpack-hot-middleware/client.js:238
[   49131ms] [LOG] [HMR] Updated modules: @ webpack-internal:///./node_modules/@gatsbyjs/webpack-hot-middleware/process-update.js:123
[   49131ms] [LOG] [HMR]  - ./.cache/blank.css @ webpack-internal:///./node_modules/@gatsbyjs/webpack-hot-middleware/process-update.js:125
[   49131ms] [LOG] [HMR]  - ./src/styles/global.css @ webpack-internal:///./node_modules/@gatsbyjs/webpack-hot-middleware/process-update.js:125
[   49182ms] [LOG] [HMR] css reload %s http://localhost:8000/commons.css @ webpack-internal:///./node_modules/mini-css-extract-plugin/dist/hmr/hotModuleReplacement.js:212
[   49182ms] [LOG] [HMR] css reload %s http://localhost:8000/commons.css @ webpack-internal:///./node_modules/mini-css-extract-plugin/dist/hmr/hotModuleReplacement.js:212
[   49728ms] [LOG] [HMR] bundle 'develop' rebuilt in 250ms @ webpack-internal:///./node_modules/@gatsbyjs/webpack-hot-middleware/client.js:247
[   49747ms] [LOG] [HMR] bundle rebuilding @ webpack-internal:///./node_modules/@gatsbyjs/webpack-hot-middleware/client.js:238
[   49759ms] [LOG] [HMR] Updated modules: @ webpack-internal:///./node_modules/@gatsbyjs/webpack-hot-middleware/process-update.js:123
[   49759ms] [LOG] [HMR]  - ./.cache/blank.css @ webpack-internal:///./node_modules/@gatsbyjs/webpack-hot-middleware/process-update.js:125
[   49759ms] [LOG] [HMR]  - ./src/styles/global.css @ webpack-internal:///./node_modules/@gatsbyjs/webpack-hot-middleware/process-update.js:125
[   49809ms] [LOG] [HMR] css reload %s http://localhost:8000/commons.css @ webpack-internal:///./node_modules/mini-css-extract-plugin/dist/hmr/hotModuleReplacement.js:212
[   49810ms] [LOG] [HMR] css reload %s http://localhost:8000/commons.css @ webpack-internal:///./node_modules/mini-css-extract-plugin/dist/hmr/hotModuleReplacement.js:212
[   50305ms] [LOG] [HMR] bundle 'develop' rebuilt in 195ms @ webpack-internal:///./node_modules/@gatsbyjs/webpack-hot-middleware/client.js:247
[   50327ms] [LOG] [HMR] bundle rebuilding @ webpack-internal:///./node_modules/@gatsbyjs/webpack-hot-middleware/client.js:238
[   50338ms] [LOG] [HMR] Updated modules: @ webpack-internal:///./node_modules/@gatsbyjs/webpack-hot-middleware/process-update.js:123
[   50338ms] [LOG] [HMR]  - ./.cache/blank.css @ webpack-internal:///./node_modules/@gatsbyjs/webpack-hot-middleware/process-update.js:125
[   50338ms] [LOG] [HMR]  - ./src/styles/global.css @ webpack-internal:///./node_modules/@gatsbyjs/webpack-hot-middleware/process-update.js:125
[   50388ms] [LOG] [HMR] css reload %s http://localhost:8000/commons.css @ webpack-internal:///./node_modules/mini-css-extract-plugin/dist/hmr/hotModuleReplacement.js:212
[   50388ms] [LOG] [HMR] css reload %s http://localhost:8000/commons.css @ webpack-internal:///./node_modules/mini-css-extract-plugin/dist/hmr/hotModuleReplacement.js:212
